num_samples: 50
Creating feature extractor "inception-v3-compat" with features ['logits_unbiased', '2048']
Traceback (most recent call last):
  File "/home/wangzefang/miniconda3/envs/distill/lib/python3.8/site-packages/torch/cuda/__init__.py", line 306, in _lazy_init
    queued_call()
  File "/home/wangzefang/miniconda3/envs/distill/lib/python3.8/site-packages/torch/cuda/__init__.py", line 174, in _check_capability
    capability = get_device_capability(d)
  File "/home/wangzefang/miniconda3/envs/distill/lib/python3.8/site-packages/torch/cuda/__init__.py", line 430, in get_device_capability
    prop = get_device_properties(device)
  File "/home/wangzefang/miniconda3/envs/distill/lib/python3.8/site-packages/torch/cuda/__init__.py", line 448, in get_device_properties
    return _get_device_properties(device)  # type: ignore[name-defined]
RuntimeError: device >= 0 && device < num_gpus INTERNAL ASSERT FAILED at "/opt/conda/conda-bld/pytorch_1712608843393/work/aten/src/ATen/cuda/CUDAContext.cpp":50, please report a bug to PyTorch. device=, num_gpus=

The above exception was the direct cause of the following exception:

Traceback (most recent call last):
  File "/home/wangzefang/miniconda3/envs/distill/bin/fidelity", line 8, in <module>
    sys.exit(main())
  File "/home/wangzefang/miniconda3/envs/distill/lib/python3.8/site-packages/torch_fidelity/fidelity.py", line 157, in main
    metrics = calculate_metrics(**vars(args))
  File "/home/wangzefang/miniconda3/envs/distill/lib/python3.8/site-packages/torch_fidelity/metrics.py", line 227, in calculate_metrics
    feat_extractor = create_feature_extractor(feature_extractor, list(feature_layers), **kwargs)
  File "/home/wangzefang/miniconda3/envs/distill/lib/python3.8/site-packages/torch_fidelity/utils.py", line 60, in create_feature_extractor
    feat_extractor.cuda()
  File "/home/wangzefang/miniconda3/envs/distill/lib/python3.8/site-packages/torch/nn/modules/module.py", line 915, in cuda
    return self._apply(lambda t: t.cuda(device))
  File "/home/wangzefang/miniconda3/envs/distill/lib/python3.8/site-packages/torch/nn/modules/module.py", line 779, in _apply
    module._apply(fn)
  File "/home/wangzefang/miniconda3/envs/distill/lib/python3.8/site-packages/torch/nn/modules/module.py", line 779, in _apply
    module._apply(fn)
  File "/home/wangzefang/miniconda3/envs/distill/lib/python3.8/site-packages/torch/nn/modules/module.py", line 804, in _apply
    param_applied = fn(param)
  File "/home/wangzefang/miniconda3/envs/distill/lib/python3.8/site-packages/torch/nn/modules/module.py", line 915, in <lambda>
    return self._apply(lambda t: t.cuda(device))
  File "/home/wangzefang/miniconda3/envs/distill/lib/python3.8/site-packages/torch/cuda/__init__.py", line 312, in _lazy_init
    raise DeferredCudaCallError(msg) from e
torch.cuda.DeferredCudaCallError: CUDA call failed lazily at initialization with error: device >= 0 && device < num_gpus INTERNAL ASSERT FAILED at "/opt/conda/conda-bld/pytorch_1712608843393/work/aten/src/ATen/cuda/CUDAContext.cpp":50, please report a bug to PyTorch. device=, num_gpus=

CUDA call was originally invoked at:

  File "/home/wangzefang/miniconda3/envs/distill/bin/fidelity", line 5, in <module>
    from torch_fidelity.fidelity import main
  File "<frozen importlib._bootstrap>", line 991, in _find_and_load
  File "<frozen importlib._bootstrap>", line 961, in _find_and_load_unlocked
  File "<frozen importlib._bootstrap>", line 219, in _call_with_frames_removed
  File "<frozen importlib._bootstrap>", line 991, in _find_and_load
  File "<frozen importlib._bootstrap>", line 975, in _find_and_load_unlocked
  File "<frozen importlib._bootstrap>", line 671, in _load_unlocked
  File "<frozen importlib._bootstrap_external>", line 843, in exec_module
  File "<frozen importlib._bootstrap>", line 219, in _call_with_frames_removed
  File "/home/wangzefang/miniconda3/envs/distill/lib/python3.8/site-packages/torch_fidelity/__init__.py", line 1, in <module>
    from torch_fidelity.feature_extractor_base import FeatureExtractorBase
  File "<frozen importlib._bootstrap>", line 991, in _find_and_load
  File "<frozen importlib._bootstrap>", line 975, in _find_and_load_unlocked
  File "<frozen importlib._bootstrap>", line 671, in _load_unlocked
  File "<frozen importlib._bootstrap_external>", line 843, in exec_module
  File "<frozen importlib._bootstrap>", line 219, in _call_with_frames_removed
  File "/home/wangzefang/miniconda3/envs/distill/lib/python3.8/site-packages/torch_fidelity/feature_extractor_base.py", line 1, in <module>
    import torch.nn as nn
  File "<frozen importlib._bootstrap>", line 991, in _find_and_load
  File "<frozen importlib._bootstrap>", line 961, in _find_and_load_unlocked
  File "<frozen importlib._bootstrap>", line 219, in _call_with_frames_removed
  File "<frozen importlib._bootstrap>", line 991, in _find_and_load
  File "<frozen importlib._bootstrap>", line 975, in _find_and_load_unlocked
  File "<frozen importlib._bootstrap>", line 671, in _load_unlocked
  File "<frozen importlib._bootstrap_external>", line 843, in exec_module
  File "<frozen importlib._bootstrap>", line 219, in _call_with_frames_removed
  File "/home/wangzefang/miniconda3/envs/distill/lib/python3.8/site-packages/torch/__init__.py", line 1478, in <module>
    _C._initExtension(manager_path())
  File "<frozen importlib._bootstrap>", line 991, in _find_and_load
  File "<frozen importlib._bootstrap>", line 975, in _find_and_load_unlocked
  File "<frozen importlib._bootstrap>", line 671, in _load_unlocked
  File "<frozen importlib._bootstrap_external>", line 843, in exec_module
  File "<frozen importlib._bootstrap>", line 219, in _call_with_frames_removed
  File "/home/wangzefang/miniconda3/envs/distill/lib/python3.8/site-packages/torch/cuda/__init__.py", line 238, in <module>
    _lazy_call(_check_capability)
  File "/home/wangzefang/miniconda3/envs/distill/lib/python3.8/site-packages/torch/cuda/__init__.py", line 235, in _lazy_call
    _queued_calls.append((callable, traceback.format_stack()))

----- pytorch_fid -----
  0%|          | 0/1000 [00:00<?, ?it/s]  0%|          | 1/1000 [00:00<11:21,  1.47it/s]  0%|          | 4/1000 [00:00<02:43,  6.09it/s]  1%|          | 7/1000 [00:00<01:37, 10.16it/s]  1%|          | 10/1000 [00:01<01:12, 13.61it/s]  1%|▏         | 13/1000 [00:01<01:00, 16.37it/s]  2%|▏         | 16/1000 [00:01<00:52, 18.57it/s]  2%|▏         | 19/1000 [00:01<00:48, 20.23it/s]  2%|▏         | 22/1000 [00:01<00:45, 21.66it/s]  2%|▎         | 25/1000 [00:01<00:43, 22.48it/s]  3%|▎         | 28/1000 [00:01<00:41, 23.24it/s]  3%|▎         | 31/1000 [00:01<00:40, 23.64it/s]  3%|▎         | 34/1000 [00:02<00:40, 24.12it/s]  4%|▎         | 37/1000 [00:02<00:39, 24.31it/s]  4%|▍         | 40/1000 [00:02<00:39, 24.57it/s]  4%|▍         | 43/1000 [00:02<00:38, 24.87it/s]  5%|▍         | 46/1000 [00:02<00:37, 25.13it/s]  5%|▍         | 49/1000 [00:02<00:38, 24.69it/s]  5%|▌         | 52/1000 [00:02<00:39, 24.18it/s]  6%|▌         | 55/1000 [00:02<00:38, 24.48it/s]  6%|▌         | 58/1000 [00:03<00:38, 24.31it/s]  6%|▌         | 61/1000 [00:03<00:38, 24.29it/s]  6%|▋         | 64/1000 [00:03<00:38, 24.62it/s]  7%|▋         | 67/1000 [00:03<00:38, 24.40it/s]  7%|▋         | 70/1000 [00:03<00:37, 24.63it/s]  7%|▋         | 73/1000 [00:03<00:37, 24.47it/s]  8%|▊         | 76/1000 [00:03<00:37, 24.38it/s]  8%|▊         | 79/1000 [00:03<00:38, 24.18it/s]  8%|▊         | 82/1000 [00:03<00:38, 24.13it/s]  8%|▊         | 85/1000 [00:04<00:37, 24.19it/s]  9%|▉         | 88/1000 [00:04<00:37, 24.42it/s]  9%|▉         | 91/1000 [00:04<00:37, 24.52it/s]  9%|▉         | 94/1000 [00:04<00:36, 24.67it/s] 10%|▉         | 97/1000 [00:04<00:37, 24.37it/s] 10%|█         | 100/1000 [00:04<00:36, 24.45it/s] 10%|█         | 103/1000 [00:04<00:36, 24.46it/s] 11%|█         | 106/1000 [00:04<00:36, 24.55it/s] 11%|█         | 109/1000 [00:05<00:36, 24.44it/s] 11%|█         | 112/1000 [00:05<00:36, 24.31it/s] 12%|█▏        | 115/1000 [00:05<00:36, 24.32it/s] 12%|█▏        | 118/1000 [00:05<00:36, 24.44it/s] 12%|█▏        | 121/1000 [00:05<00:36, 24.41it/s] 12%|█▏        | 124/1000 [00:05<00:35, 24.54it/s] 13%|█▎        | 127/1000 [00:05<00:35, 24.25it/s] 13%|█▎        | 130/1000 [00:05<00:35, 24.36it/s] 13%|█▎        | 133/1000 [00:06<00:35, 24.41it/s] 14%|█▎        | 136/1000 [00:06<00:35, 24.43it/s] 14%|█▍        | 139/1000 [00:06<00:35, 24.58it/s] 14%|█▍        | 142/1000 [00:06<00:35, 24.18it/s] 14%|█▍        | 145/1000 [00:06<00:35, 24.08it/s] 15%|█▍        | 148/1000 [00:06<00:35, 24.01it/s] 15%|█▌        | 151/1000 [00:06<00:35, 24.10it/s] 15%|█▌        | 154/1000 [00:06<00:35, 24.16it/s] 16%|█▌        | 157/1000 [00:07<00:35, 24.06it/s] 16%|█▌        | 160/1000 [00:07<00:34, 24.07it/s] 16%|█▋        | 163/1000 [00:07<00:34, 23.94it/s] 17%|█▋        | 166/1000 [00:07<00:34, 23.96it/s] 17%|█▋        | 169/1000 [00:07<00:34, 24.12it/s] 17%|█▋        | 172/1000 [00:07<00:34, 24.25it/s] 18%|█▊        | 175/1000 [00:07<00:34, 24.18it/s] 18%|█▊        | 178/1000 [00:07<00:33, 24.43it/s] 18%|█▊        | 181/1000 [00:08<00:33, 24.48it/s] 18%|█▊        | 184/1000 [00:08<00:33, 24.28it/s] 19%|█▊        | 187/1000 [00:08<00:33, 24.42it/s] 19%|█▉        | 190/1000 [00:08<00:33, 24.35it/s] 19%|█▉        | 193/1000 [00:08<00:33, 24.33it/s] 20%|█▉        | 196/1000 [00:08<00:32, 24.41it/s] 20%|█▉        | 199/1000 [00:08<00:32, 24.44it/s] 20%|██        | 202/1000 [00:08<00:32, 24.29it/s] 20%|██        | 205/1000 [00:09<00:32, 24.25it/s] 21%|██        | 208/1000 [00:09<00:33, 23.70it/s] 21%|██        | 211/1000 [00:09<00:33, 23.47it/s] 21%|██▏       | 214/1000 [00:09<00:33, 23.33it/s] 22%|██▏       | 217/1000 [00:09<00:33, 23.12it/s] 22%|██▏       | 220/1000 [00:09<00:33, 23.17it/s] 22%|██▏       | 223/1000 [00:09<00:33, 23.21it/s] 23%|██▎       | 226/1000 [00:09<00:33, 23.15it/s] 23%|██▎       | 229/1000 [00:10<00:33, 23.29it/s] 23%|██▎       | 232/1000 [00:10<00:33, 23.15it/s] 24%|██▎       | 235/1000 [00:10<00:32, 23.24it/s] 24%|██▍       | 238/1000 [00:10<00:32, 23.47it/s] 24%|██▍       | 241/1000 [00:10<00:31, 23.79it/s] 24%|██▍       | 244/1000 [00:10<00:31, 23.98it/s] 25%|██▍       | 247/1000 [00:10<00:31, 24.25it/s] 25%|██▌       | 250/1000 [00:10<00:31, 24.09it/s] 25%|██▌       | 253/1000 [00:11<00:31, 23.93it/s] 26%|██▌       | 256/1000 [00:11<00:30, 24.09it/s] 26%|██▌       | 259/1000 [00:11<00:30, 24.01it/s] 26%|██▌       | 262/1000 [00:11<00:30, 24.16it/s] 26%|██▋       | 265/1000 [00:11<00:30, 24.35it/s] 27%|██▋       | 268/1000 [00:11<00:30, 24.15it/s] 27%|██▋       | 271/1000 [00:11<00:30, 23.84it/s] 27%|██▋       | 274/1000 [00:11<00:30, 23.67it/s] 28%|██▊       | 277/1000 [00:12<00:30, 23.43it/s] 28%|██▊       | 280/1000 [00:12<00:30, 23.58it/s] 28%|██▊       | 283/1000 [00:12<00:30, 23.84it/s] 29%|██▊       | 286/1000 [00:12<00:30, 23.80it/s] 29%|██▉       | 289/1000 [00:12<00:29, 24.02it/s] 29%|██▉       | 292/1000 [00:12<00:29, 23.89it/s] 30%|██▉       | 295/1000 [00:12<00:29, 24.09it/s] 30%|██▉       | 298/1000 [00:12<00:29, 23.89it/s] 30%|███       | 301/1000 [00:13<00:29, 23.97it/s] 30%|███       | 304/1000 [00:13<00:29, 23.91it/s] 31%|███       | 307/1000 [00:13<00:28, 24.28it/s] 31%|███       | 310/1000 [00:13<00:28, 24.29it/s] 31%|███▏      | 313/1000 [00:13<00:28, 24.34it/s] 32%|███▏      | 316/1000 [00:13<00:28, 24.21it/s] 32%|███▏      | 319/1000 [00:13<00:28, 23.90it/s] 32%|███▏      | 322/1000 [00:13<00:28, 23.67it/s] 32%|███▎      | 325/1000 [00:14<00:28, 23.49it/s] 33%|███▎      | 328/1000 [00:14<00:28, 23.48it/s] 33%|███▎      | 331/1000 [00:14<00:28, 23.79it/s] 33%|███▎      | 334/1000 [00:14<00:28, 23.68it/s] 34%|███▎      | 337/1000 [00:14<00:28, 23.28it/s] 34%|███▍      | 340/1000 [00:14<00:28, 23.28it/s] 34%|███▍      | 343/1000 [00:14<00:28, 23.26it/s] 35%|███▍      | 346/1000 [00:15<00:27, 23.36it/s] 35%|███▍      | 349/1000 [00:15<00:27, 23.62it/s] 35%|███▌      | 352/1000 [00:15<00:27, 23.73it/s] 36%|███▌      | 355/1000 [00:15<00:26, 23.90it/s] 36%|███▌      | 358/1000 [00:15<00:26, 23.88it/s] 36%|███▌      | 361/1000 [00:15<00:26, 23.84it/s] 36%|███▋      | 364/1000 [00:15<00:26, 23.94it/s] 37%|███▋      | 367/1000 [00:15<00:26, 23.80it/s] 37%|███▋      | 370/1000 [00:16<00:26, 23.81it/s] 37%|███▋      | 373/1000 [00:16<00:26, 23.65it/s] 38%|███▊      | 376/1000 [00:16<00:26, 23.52it/s] 38%|███▊      | 379/1000 [00:16<00:27, 22.93it/s] 38%|███▊      | 382/1000 [00:16<00:26, 22.98it/s] 38%|███▊      | 385/1000 [00:16<00:26, 23.10it/s] 39%|███▉      | 388/1000 [00:16<00:26, 23.13it/s] 39%|███▉      | 391/1000 [00:16<00:26, 23.21it/s] 39%|███▉      | 394/1000 [00:17<00:25, 23.51it/s] 40%|███▉      | 397/1000 [00:17<00:25, 24.01it/s] 40%|████      | 400/1000 [00:17<00:25, 23.78it/s] 40%|████      | 403/1000 [00:17<00:25, 23.61it/s] 41%|████      | 406/1000 [00:17<00:25, 23.61it/s] 41%|████      | 409/1000 [00:17<00:25, 23.61it/s] 41%|████      | 412/1000 [00:17<00:25, 23.49it/s] 42%|████▏     | 415/1000 [00:17<00:24, 23.47it/s] 42%|████▏     | 418/1000 [00:18<00:24, 23.72it/s] 42%|████▏     | 421/1000 [00:18<00:24, 23.63it/s] 42%|████▏     | 424/1000 [00:18<00:24, 23.57it/s] 43%|████▎     | 427/1000 [00:18<00:24, 23.70it/s] 43%|████▎     | 430/1000 [00:18<00:23, 23.81it/s] 43%|████▎     | 433/1000 [00:18<00:23, 23.71it/s] 44%|████▎     | 436/1000 [00:18<00:23, 23.88it/s] 44%|████▍     | 439/1000 [00:18<00:23, 23.92it/s] 44%|████▍     | 442/1000 [00:19<00:23, 24.17it/s] 44%|████▍     | 445/1000 [00:19<00:23, 23.95it/s] 45%|████▍     | 448/1000 [00:19<00:23, 23.73it/s] 45%|████▌     | 451/1000 [00:19<00:23, 23.55it/s] 45%|████▌     | 454/1000 [00:19<00:23, 23.49it/s] 46%|████▌     | 457/1000 [00:19<00:22, 23.70it/s] 46%|████▌     | 460/1000 [00:19<00:22, 23.72it/s] 46%|████▋     | 463/1000 [00:19<00:22, 23.66it/s] 47%|████▋     | 466/1000 [00:20<00:22, 23.49it/s] 47%|████▋     | 469/1000 [00:20<00:22, 23.58it/s] 47%|████▋     | 472/1000 [00:20<00:22, 23.53it/s] 48%|████▊     | 475/1000 [00:20<00:22, 23.35it/s] 48%|████▊     | 478/1000 [00:20<00:22, 23.55it/s] 48%|████▊     | 481/1000 [00:20<00:21, 23.90it/s] 48%|████▊     | 484/1000 [00:20<00:21, 24.09it/s] 49%|████▊     | 487/1000 [00:20<00:21, 24.21it/s] 49%|████▉     | 490/1000 [00:21<00:21, 24.25it/s] 49%|████▉     | 493/1000 [00:21<00:21, 23.66it/s] 50%|████▉     | 496/1000 [00:21<00:21, 23.75it/s] 50%|████▉     | 499/1000 [00:21<00:20, 24.09it/s] 50%|█████     | 502/1000 [00:21<00:20, 24.06it/s] 50%|█████     | 505/1000 [00:21<00:20, 24.25it/s] 51%|█████     | 508/1000 [00:21<00:20, 24.31it/s] 51%|█████     | 511/1000 [00:21<00:20, 24.15it/s] 51%|█████▏    | 514/1000 [00:22<00:20, 24.08it/s] 52%|█████▏    | 517/1000 [00:22<00:20, 24.14it/s] 52%|█████▏    | 520/1000 [00:22<00:19, 24.30it/s] 52%|█████▏    | 523/1000 [00:22<00:19, 24.50it/s] 53%|█████▎    | 526/1000 [00:22<00:19, 24.59it/s] 53%|█████▎    | 529/1000 [00:22<00:19, 24.36it/s] 53%|█████▎    | 532/1000 [00:22<00:19, 23.93it/s] 54%|█████▎    | 535/1000 [00:22<00:19, 23.88it/s] 54%|█████▍    | 538/1000 [00:23<00:19, 23.64it/s] 54%|█████▍    | 541/1000 [00:23<00:19, 23.41it/s] 54%|█████▍    | 544/1000 [00:23<00:19, 23.54it/s] 55%|█████▍    | 547/1000 [00:23<00:19, 23.74it/s] 55%|█████▌    | 550/1000 [00:23<00:19, 23.65it/s] 55%|█████▌    | 553/1000 [00:23<00:19, 23.49it/s] 56%|█████▌    | 556/1000 [00:23<00:19, 23.18it/s] 56%|█████▌    | 559/1000 [00:23<00:18, 23.32it/s] 56%|█████▌    | 562/1000 [00:24<00:18, 23.38it/s] 56%|█████▋    | 565/1000 [00:24<00:18, 23.44it/s] 57%|█████▋    | 568/1000 [00:24<00:18, 23.65it/s] 57%|█████▋    | 571/1000 [00:24<00:18, 23.66it/s] 57%|█████▋    | 574/1000 [00:24<00:17, 23.68it/s] 58%|█████▊    | 577/1000 [00:24<00:17, 23.63it/s] 58%|█████▊    | 580/1000 [00:24<00:18, 23.15it/s] 58%|█████▊    | 583/1000 [00:25<00:18, 22.99it/s] 59%|█████▊    | 586/1000 [00:25<00:18, 22.90it/s] 59%|█████▉    | 589/1000 [00:25<00:17, 23.08it/s] 59%|█████▉    | 592/1000 [00:25<00:17, 23.33it/s] 60%|█████▉    | 595/1000 [00:25<00:17, 23.29it/s] 60%|█████▉    | 598/1000 [00:25<00:17, 22.95it/s] 60%|██████    | 601/1000 [00:25<00:17, 22.43it/s] 60%|██████    | 604/1000 [00:25<00:17, 22.66it/s] 61%|██████    | 607/1000 [00:26<00:17, 22.72it/s] 61%|██████    | 610/1000 [00:26<00:16, 22.98it/s] 61%|██████▏   | 613/1000 [00:26<00:16, 23.09it/s] 62%|██████▏   | 616/1000 [00:26<00:16, 23.06it/s] 62%|██████▏   | 619/1000 [00:26<00:16, 23.20it/s] 62%|██████▏   | 622/1000 [00:26<00:16, 23.31it/s] 62%|██████▎   | 625/1000 [00:26<00:16, 23.34it/s] 63%|██████▎   | 628/1000 [00:26<00:15, 23.39it/s] 63%|██████▎   | 631/1000 [00:27<00:15, 23.51it/s] 63%|██████▎   | 634/1000 [00:27<00:15, 23.48it/s] 64%|██████▎   | 637/1000 [00:27<00:15, 23.71it/s] 64%|██████▍   | 640/1000 [00:27<00:15, 23.41it/s] 64%|██████▍   | 643/1000 [00:27<00:15, 23.43it/s] 65%|██████▍   | 646/1000 [00:27<00:15, 23.30it/s] 65%|██████▍   | 649/1000 [00:27<00:15, 23.21it/s] 65%|██████▌   | 652/1000 [00:27<00:14, 23.27it/s] 66%|██████▌   | 655/1000 [00:28<00:14, 23.48it/s] 66%|██████▌   | 658/1000 [00:28<00:14, 23.69it/s] 66%|██████▌   | 661/1000 [00:28<00:14, 23.26it/s] 66%|██████▋   | 664/1000 [00:28<00:14, 23.08it/s] 67%|██████▋   | 667/1000 [00:28<00:14, 22.96it/s] 67%|██████▋   | 670/1000 [00:28<00:14, 23.01it/s] 67%|██████▋   | 673/1000 [00:28<00:14, 23.32it/s] 68%|██████▊   | 676/1000 [00:29<00:13, 23.46it/s] 68%|██████▊   | 679/1000 [00:29<00:13, 23.10it/s] 68%|██████▊   | 682/1000 [00:29<00:13, 23.34it/s] 68%|██████▊   | 685/1000 [00:29<00:13, 23.65it/s] 69%|██████▉   | 688/1000 [00:29<00:13, 23.54it/s] 69%|██████▉   | 691/1000 [00:29<00:13, 23.59it/s] 69%|██████▉   | 694/1000 [00:29<00:12, 23.60it/s] 70%|██████▉   | 697/1000 [00:29<00:12, 23.34it/s] 70%|███████   | 700/1000 [00:30<00:12, 23.31it/s] 70%|███████   | 703/1000 [00:30<00:12, 23.10it/s] 71%|███████   | 706/1000 [00:30<00:12, 23.11it/s] 71%|███████   | 709/1000 [00:30<00:12, 23.33it/s] 71%|███████   | 712/1000 [00:30<00:12, 23.17it/s] 72%|███████▏  | 715/1000 [00:30<00:12, 23.16it/s] 72%|███████▏  | 718/1000 [00:30<00:12, 23.31it/s] 72%|███████▏  | 721/1000 [00:30<00:11, 23.30it/s] 72%|███████▏  | 724/1000 [00:31<00:11, 23.39it/s] 73%|███████▎  | 727/1000 [00:31<00:11, 23.37it/s] 73%|███████▎  | 730/1000 [00:31<00:11, 23.39it/s] 73%|███████▎  | 733/1000 [00:31<00:11, 23.48it/s] 74%|███████▎  | 736/1000 [00:31<00:11, 23.60it/s] 74%|███████▍  | 739/1000 [00:31<00:10, 23.80it/s] 74%|███████▍  | 742/1000 [00:31<00:10, 23.86it/s] 74%|███████▍  | 745/1000 [00:31<00:10, 23.92it/s] 75%|███████▍  | 748/1000 [00:32<00:10, 23.88it/s] 75%|███████▌  | 751/1000 [00:32<00:10, 23.77it/s] 75%|███████▌  | 754/1000 [00:32<00:10, 23.68it/s] 76%|███████▌  | 757/1000 [00:32<00:10, 23.47it/s] 76%|███████▌  | 760/1000 [00:32<00:10, 23.75it/s] 76%|███████▋  | 763/1000 [00:32<00:09, 23.76it/s] 77%|███████▋  | 766/1000 [00:32<00:09, 23.60it/s] 77%|███████▋  | 769/1000 [00:32<00:09, 23.59it/s] 77%|███████▋  | 772/1000 [00:33<00:09, 23.26it/s] 78%|███████▊  | 775/1000 [00:33<00:09, 23.29it/s] 78%|███████▊  | 778/1000 [00:33<00:09, 23.42it/s] 78%|███████▊  | 781/1000 [00:33<00:09, 23.60it/s] 78%|███████▊  | 784/1000 [00:33<00:09, 23.74it/s] 79%|███████▊  | 787/1000 [00:33<00:09, 23.40it/s] 79%|███████▉  | 790/1000 [00:33<00:09, 22.29it/s] 79%|███████▉  | 793/1000 [00:34<00:09, 22.38it/s] 80%|███████▉  | 796/1000 [00:34<00:08, 22.68it/s] 80%|███████▉  | 799/1000 [00:34<00:08, 22.74it/s] 80%|████████  | 802/1000 [00:34<00:08, 23.04it/s] 80%|████████  | 805/1000 [00:34<00:08, 23.31it/s] 81%|████████  | 808/1000 [00:34<00:08, 23.25it/s] 81%|████████  | 811/1000 [00:34<00:08, 23.14it/s] 81%|████████▏ | 814/1000 [00:34<00:08, 23.07it/s] 82%|████████▏ | 817/1000 [00:35<00:07, 23.14it/s] 82%|████████▏ | 820/1000 [00:35<00:07, 23.34it/s] 82%|████████▏ | 823/1000 [00:35<00:07, 23.40it/s] 83%|████████▎ | 826/1000 [00:35<00:07, 23.34it/s] 83%|████████▎ | 829/1000 [00:35<00:07, 23.27it/s] 83%|████████▎ | 832/1000 [00:35<00:07, 23.12it/s] 84%|████████▎ | 835/1000 [00:35<00:07, 23.08it/s] 84%|████████▍ | 838/1000 [00:35<00:06, 23.30it/s] 84%|████████▍ | 841/1000 [00:36<00:06, 23.16it/s] 84%|████████▍ | 844/1000 [00:36<00:06, 23.38it/s] 85%|████████▍ | 847/1000 [00:36<00:06, 23.36it/s] 85%|████████▌ | 850/1000 [00:36<00:06, 23.06it/s] 85%|████████▌ | 853/1000 [00:36<00:06, 22.76it/s] 86%|████████▌ | 856/1000 [00:36<00:06, 22.68it/s] 86%|████████▌ | 859/1000 [00:36<00:06, 21.81it/s] 86%|████████▌ | 862/1000 [00:37<00:06, 22.56it/s] 86%|████████▋ | 865/1000 [00:37<00:05, 22.80it/s] 87%|████████▋ | 868/1000 [00:37<00:05, 22.95it/s] 87%|████████▋ | 871/1000 [00:37<00:05, 23.01it/s] 87%|████████▋ | 874/1000 [00:37<00:05, 23.07it/s] 88%|████████▊ | 877/1000 [00:37<00:05, 23.03it/s] 88%|████████▊ | 880/1000 [00:37<00:05, 23.09it/s] 88%|████████▊ | 883/1000 [00:37<00:05, 23.30it/s] 89%|████████▊ | 886/1000 [00:38<00:04, 23.20it/s] 89%|████████▉ | 889/1000 [00:38<00:04, 23.31it/s] 89%|████████▉ | 892/1000 [00:38<00:04, 23.25it/s] 90%|████████▉ | 895/1000 [00:38<00:04, 23.09it/s] 90%|████████▉ | 898/1000 [00:38<00:04, 23.15it/s] 90%|█████████ | 901/1000 [00:38<00:04, 23.42it/s] 90%|█████████ | 904/1000 [00:38<00:04, 23.45it/s] 91%|█████████ | 907/1000 [00:38<00:03, 23.54it/s] 91%|█████████ | 910/1000 [00:39<00:03, 23.46it/s] 91%|█████████▏| 913/1000 [00:39<00:03, 23.59it/s] 92%|█████████▏| 916/1000 [00:39<00:03, 23.44it/s] 92%|█████████▏| 919/1000 [00:39<00:03, 22.98it/s] 92%|█████████▏| 922/1000 [00:39<00:03, 22.75it/s] 92%|█████████▎| 925/1000 [00:39<00:03, 22.65it/s] 93%|█████████▎| 928/1000 [00:39<00:03, 22.96it/s] 93%|█████████▎| 931/1000 [00:39<00:02, 23.31it/s] 93%|█████████▎| 934/1000 [00:40<00:02, 23.74it/s] 94%|█████████▎| 937/1000 [00:40<00:02, 23.69it/s] 94%|█████████▍| 940/1000 [00:40<00:02, 23.61it/s] 94%|█████████▍| 943/1000 [00:40<00:02, 23.47it/s] 95%|█████████▍| 946/1000 [00:40<00:02, 23.85it/s] 95%|█████████▍| 949/1000 [00:40<00:02, 24.01it/s] 95%|█████████▌| 952/1000 [00:40<00:01, 24.17it/s] 96%|█████████▌| 955/1000 [00:40<00:01, 24.40it/s] 96%|█████████▌| 958/1000 [00:41<00:01, 24.28it/s] 96%|█████████▌| 961/1000 [00:41<00:01, 24.41it/s] 96%|█████████▋| 964/1000 [00:41<00:01, 24.39it/s] 97%|█████████▋| 967/1000 [00:41<00:01, 24.27it/s] 97%|█████████▋| 970/1000 [00:41<00:01, 24.12it/s] 97%|█████████▋| 973/1000 [00:41<00:01, 23.65it/s] 98%|█████████▊| 976/1000 [00:41<00:01, 23.72it/s] 98%|█████████▊| 979/1000 [00:41<00:00, 23.41it/s] 98%|█████████▊| 982/1000 [00:42<00:00, 23.22it/s] 98%|█████████▊| 985/1000 [00:42<00:00, 23.16it/s] 99%|█████████▉| 988/1000 [00:42<00:00, 23.64it/s] 99%|█████████▉| 991/1000 [00:42<00:00, 24.05it/s] 99%|█████████▉| 994/1000 [00:42<00:00, 24.32it/s]100%|█████████▉| 997/1000 [00:42<00:00, 24.61it/s]100%|██████████| 1000/1000 [00:42<00:00, 24.80it/s]100%|██████████| 1000/1000 [00:42<00:00, 23.32it/s]
FID:  187.01683118823556
----------------------------------------------
num_samples: 100
Creating feature extractor "inception-v3-compat" with features ['logits_unbiased', '2048']
Traceback (most recent call last):
  File "/home/wangzefang/miniconda3/envs/distill/lib/python3.8/site-packages/torch/cuda/__init__.py", line 306, in _lazy_init
    queued_call()
  File "/home/wangzefang/miniconda3/envs/distill/lib/python3.8/site-packages/torch/cuda/__init__.py", line 174, in _check_capability
    capability = get_device_capability(d)
  File "/home/wangzefang/miniconda3/envs/distill/lib/python3.8/site-packages/torch/cuda/__init__.py", line 430, in get_device_capability
    prop = get_device_properties(device)
  File "/home/wangzefang/miniconda3/envs/distill/lib/python3.8/site-packages/torch/cuda/__init__.py", line 448, in get_device_properties
    return _get_device_properties(device)  # type: ignore[name-defined]
RuntimeError: device >= 0 && device < num_gpus INTERNAL ASSERT FAILED at "/opt/conda/conda-bld/pytorch_1712608843393/work/aten/src/ATen/cuda/CUDAContext.cpp":50, please report a bug to PyTorch. device=, num_gpus=

The above exception was the direct cause of the following exception:

Traceback (most recent call last):
  File "/home/wangzefang/miniconda3/envs/distill/bin/fidelity", line 8, in <module>
    sys.exit(main())
  File "/home/wangzefang/miniconda3/envs/distill/lib/python3.8/site-packages/torch_fidelity/fidelity.py", line 157, in main
    metrics = calculate_metrics(**vars(args))
  File "/home/wangzefang/miniconda3/envs/distill/lib/python3.8/site-packages/torch_fidelity/metrics.py", line 227, in calculate_metrics
    feat_extractor = create_feature_extractor(feature_extractor, list(feature_layers), **kwargs)
  File "/home/wangzefang/miniconda3/envs/distill/lib/python3.8/site-packages/torch_fidelity/utils.py", line 60, in create_feature_extractor
    feat_extractor.cuda()
  File "/home/wangzefang/miniconda3/envs/distill/lib/python3.8/site-packages/torch/nn/modules/module.py", line 915, in cuda
    return self._apply(lambda t: t.cuda(device))
  File "/home/wangzefang/miniconda3/envs/distill/lib/python3.8/site-packages/torch/nn/modules/module.py", line 779, in _apply
    module._apply(fn)
  File "/home/wangzefang/miniconda3/envs/distill/lib/python3.8/site-packages/torch/nn/modules/module.py", line 779, in _apply
    module._apply(fn)
  File "/home/wangzefang/miniconda3/envs/distill/lib/python3.8/site-packages/torch/nn/modules/module.py", line 804, in _apply
    param_applied = fn(param)
  File "/home/wangzefang/miniconda3/envs/distill/lib/python3.8/site-packages/torch/nn/modules/module.py", line 915, in <lambda>
    return self._apply(lambda t: t.cuda(device))
  File "/home/wangzefang/miniconda3/envs/distill/lib/python3.8/site-packages/torch/cuda/__init__.py", line 312, in _lazy_init
    raise DeferredCudaCallError(msg) from e
torch.cuda.DeferredCudaCallError: CUDA call failed lazily at initialization with error: device >= 0 && device < num_gpus INTERNAL ASSERT FAILED at "/opt/conda/conda-bld/pytorch_1712608843393/work/aten/src/ATen/cuda/CUDAContext.cpp":50, please report a bug to PyTorch. device=, num_gpus=

CUDA call was originally invoked at:

  File "/home/wangzefang/miniconda3/envs/distill/bin/fidelity", line 5, in <module>
    from torch_fidelity.fidelity import main
  File "<frozen importlib._bootstrap>", line 991, in _find_and_load
  File "<frozen importlib._bootstrap>", line 961, in _find_and_load_unlocked
  File "<frozen importlib._bootstrap>", line 219, in _call_with_frames_removed
  File "<frozen importlib._bootstrap>", line 991, in _find_and_load
  File "<frozen importlib._bootstrap>", line 975, in _find_and_load_unlocked
  File "<frozen importlib._bootstrap>", line 671, in _load_unlocked
  File "<frozen importlib._bootstrap_external>", line 843, in exec_module
  File "<frozen importlib._bootstrap>", line 219, in _call_with_frames_removed
  File "/home/wangzefang/miniconda3/envs/distill/lib/python3.8/site-packages/torch_fidelity/__init__.py", line 1, in <module>
    from torch_fidelity.feature_extractor_base import FeatureExtractorBase
  File "<frozen importlib._bootstrap>", line 991, in _find_and_load
  File "<frozen importlib._bootstrap>", line 975, in _find_and_load_unlocked
  File "<frozen importlib._bootstrap>", line 671, in _load_unlocked
  File "<frozen importlib._bootstrap_external>", line 843, in exec_module
  File "<frozen importlib._bootstrap>", line 219, in _call_with_frames_removed
  File "/home/wangzefang/miniconda3/envs/distill/lib/python3.8/site-packages/torch_fidelity/feature_extractor_base.py", line 1, in <module>
    import torch.nn as nn
  File "<frozen importlib._bootstrap>", line 991, in _find_and_load
  File "<frozen importlib._bootstrap>", line 961, in _find_and_load_unlocked
  File "<frozen importlib._bootstrap>", line 219, in _call_with_frames_removed
  File "<frozen importlib._bootstrap>", line 991, in _find_and_load
  File "<frozen importlib._bootstrap>", line 975, in _find_and_load_unlocked
  File "<frozen importlib._bootstrap>", line 671, in _load_unlocked
  File "<frozen importlib._bootstrap_external>", line 843, in exec_module
  File "<frozen importlib._bootstrap>", line 219, in _call_with_frames_removed
  File "/home/wangzefang/miniconda3/envs/distill/lib/python3.8/site-packages/torch/__init__.py", line 1478, in <module>
    _C._initExtension(manager_path())
  File "<frozen importlib._bootstrap>", line 991, in _find_and_load
  File "<frozen importlib._bootstrap>", line 975, in _find_and_load_unlocked
  File "<frozen importlib._bootstrap>", line 671, in _load_unlocked
  File "<frozen importlib._bootstrap_external>", line 843, in exec_module
  File "<frozen importlib._bootstrap>", line 219, in _call_with_frames_removed
  File "/home/wangzefang/miniconda3/envs/distill/lib/python3.8/site-packages/torch/cuda/__init__.py", line 238, in <module>
    _lazy_call(_check_capability)
  File "/home/wangzefang/miniconda3/envs/distill/lib/python3.8/site-packages/torch/cuda/__init__.py", line 235, in _lazy_call
    _queued_calls.append((callable, traceback.format_stack()))

----- pytorch_fid -----
  0%|          | 0/1000 [00:00<?, ?it/s]  0%|          | 1/1000 [00:00<11:56,  1.39it/s]  0%|          | 4/1000 [00:00<02:48,  5.89it/s]  1%|          | 7/1000 [00:00<01:39, 10.00it/s]  1%|          | 10/1000 [00:01<01:13, 13.47it/s]  1%|▏         | 13/1000 [00:01<00:59, 16.45it/s]  2%|▏         | 16/1000 [00:01<00:52, 18.91it/s]  2%|▏         | 19/1000 [00:01<00:47, 20.72it/s]  2%|▏         | 22/1000 [00:01<00:44, 21.88it/s]  2%|▎         | 25/1000 [00:01<00:42, 22.73it/s]  3%|▎         | 28/1000 [00:01<00:41, 23.38it/s]  3%|▎         | 31/1000 [00:01<00:40, 23.84it/s]  3%|▎         | 34/1000 [00:02<00:40, 24.06it/s]  4%|▎         | 37/1000 [00:02<00:39, 24.56it/s]  4%|▍         | 40/1000 [00:02<00:39, 24.37it/s]  4%|▍         | 43/1000 [00:02<00:39, 24.43it/s]  5%|▍         | 46/1000 [00:02<00:38, 24.95it/s]  5%|▍         | 49/1000 [00:02<00:39, 24.37it/s]  5%|▌         | 52/1000 [00:02<00:38, 24.41it/s]  6%|▌         | 55/1000 [00:02<00:38, 24.36it/s]  6%|▌         | 58/1000 [00:03<00:38, 24.26it/s]  6%|▌         | 61/1000 [00:03<00:39, 24.05it/s]  6%|▋         | 64/1000 [00:03<00:39, 23.83it/s]  7%|▋         | 67/1000 [00:03<00:38, 23.96it/s]  7%|▋         | 70/1000 [00:03<00:38, 23.99it/s]  7%|▋         | 73/1000 [00:03<00:38, 24.06it/s]  8%|▊         | 76/1000 [00:03<00:38, 24.19it/s]  8%|▊         | 79/1000 [00:03<00:38, 23.89it/s]  8%|▊         | 82/1000 [00:04<00:38, 24.01it/s]  8%|▊         | 85/1000 [00:04<00:38, 23.87it/s]  9%|▉         | 88/1000 [00:04<00:38, 23.94it/s]  9%|▉         | 91/1000 [00:04<00:38, 23.60it/s]  9%|▉         | 94/1000 [00:04<00:37, 24.01it/s] 10%|▉         | 97/1000 [00:04<00:37, 24.07it/s] 10%|█         | 100/1000 [00:04<00:37, 23.97it/s] 10%|█         | 103/1000 [00:04<00:37, 23.84it/s] 11%|█         | 106/1000 [00:05<00:38, 23.46it/s] 11%|█         | 109/1000 [00:05<00:37, 23.54it/s] 11%|█         | 112/1000 [00:05<00:37, 23.49it/s] 12%|█▏        | 115/1000 [00:05<00:37, 23.65it/s] 12%|█▏        | 118/1000 [00:05<00:37, 23.66it/s] 12%|█▏        | 121/1000 [00:05<00:37, 23.39it/s] 12%|█▏        | 124/1000 [00:05<00:37, 23.27it/s] 13%|█▎        | 127/1000 [00:05<00:37, 23.26it/s] 13%|█▎        | 130/1000 [00:06<00:37, 23.00it/s] 13%|█▎        | 133/1000 [00:06<00:36, 23.52it/s] 14%|█▎        | 136/1000 [00:06<00:36, 23.83it/s] 14%|█▍        | 139/1000 [00:06<00:36, 23.77it/s] 14%|█▍        | 142/1000 [00:06<00:35, 23.99it/s] 14%|█▍        | 145/1000 [00:06<00:35, 24.04it/s] 15%|█▍        | 148/1000 [00:06<00:35, 24.05it/s] 15%|█▌        | 151/1000 [00:06<00:35, 24.10it/s] 15%|█▌        | 154/1000 [00:07<00:34, 24.22it/s] 16%|█▌        | 157/1000 [00:07<00:35, 23.88it/s] 16%|█▌        | 160/1000 [00:07<00:35, 23.92it/s] 16%|█▋        | 163/1000 [00:07<00:34, 23.97it/s] 17%|█▋        | 166/1000 [00:07<00:34, 24.09it/s] 17%|█▋        | 169/1000 [00:07<00:35, 23.52it/s] 17%|█▋        | 172/1000 [00:07<00:35, 23.44it/s] 18%|█▊        | 175/1000 [00:07<00:35, 23.41it/s] 18%|█▊        | 178/1000 [00:08<00:35, 23.40it/s] 18%|█▊        | 181/1000 [00:08<00:35, 23.24it/s] 18%|█▊        | 184/1000 [00:08<00:35, 23.15it/s] 19%|█▊        | 187/1000 [00:08<00:35, 23.14it/s] 19%|█▉        | 190/1000 [00:08<00:35, 23.03it/s] 19%|█▉        | 193/1000 [00:08<00:34, 23.60it/s] 20%|█▉        | 196/1000 [00:08<00:33, 23.70it/s] 20%|█▉        | 199/1000 [00:08<00:33, 23.64it/s] 20%|██        | 202/1000 [00:09<00:33, 23.79it/s] 20%|██        | 205/1000 [00:09<00:33, 23.78it/s] 21%|██        | 208/1000 [00:09<00:33, 23.77it/s] 21%|██        | 211/1000 [00:09<00:33, 23.69it/s] 21%|██▏       | 214/1000 [00:09<00:33, 23.77it/s] 22%|██▏       | 217/1000 [00:09<00:32, 23.89it/s] 22%|██▏       | 220/1000 [00:09<00:32, 23.97it/s] 22%|██▏       | 223/1000 [00:09<00:32, 23.83it/s] 23%|██▎       | 226/1000 [00:10<00:32, 23.53it/s] 23%|██▎       | 229/1000 [00:10<00:32, 23.61it/s] 23%|██▎       | 232/1000 [00:10<00:32, 23.83it/s] 24%|██▎       | 235/1000 [00:10<00:31, 23.97it/s] 24%|██▍       | 238/1000 [00:10<00:31, 24.05it/s] 24%|██▍       | 241/1000 [00:10<00:32, 23.64it/s] 24%|██▍       | 244/1000 [00:10<00:31, 23.84it/s] 25%|██▍       | 247/1000 [00:10<00:31, 23.89it/s] 25%|██▌       | 250/1000 [00:11<00:31, 23.97it/s] 25%|██▌       | 253/1000 [00:11<00:31, 24.02it/s] 26%|██▌       | 256/1000 [00:11<00:30, 24.25it/s] 26%|██▌       | 259/1000 [00:11<00:30, 24.46it/s] 26%|██▌       | 262/1000 [00:11<00:30, 24.56it/s] 26%|██▋       | 265/1000 [00:11<00:30, 24.07it/s] 27%|██▋       | 268/1000 [00:11<00:30, 23.85it/s] 27%|██▋       | 271/1000 [00:11<00:30, 23.60it/s] 27%|██▋       | 274/1000 [00:12<00:30, 23.67it/s] 28%|██▊       | 277/1000 [00:12<00:30, 23.69it/s] 28%|██▊       | 280/1000 [00:12<00:30, 23.77it/s] 28%|██▊       | 283/1000 [00:12<00:29, 24.16it/s] 29%|██▊       | 286/1000 [00:12<00:29, 24.00it/s] 29%|██▉       | 289/1000 [00:12<00:29, 23.88it/s] 29%|██▉       | 292/1000 [00:12<00:29, 23.90it/s] 30%|██▉       | 295/1000 [00:12<00:30, 23.46it/s] 30%|██▉       | 298/1000 [00:13<00:30, 23.06it/s] 30%|███       | 301/1000 [00:13<00:29, 23.34it/s] 30%|███       | 304/1000 [00:13<00:29, 23.52it/s] 31%|███       | 307/1000 [00:13<00:29, 23.24it/s] 31%|███       | 310/1000 [00:13<00:29, 23.22it/s] 31%|███▏      | 313/1000 [00:13<00:29, 23.03it/s] 32%|███▏      | 316/1000 [00:13<00:30, 22.77it/s] 32%|███▏      | 319/1000 [00:14<00:29, 23.05it/s] 32%|███▏      | 322/1000 [00:14<00:29, 23.22it/s] 32%|███▎      | 325/1000 [00:14<00:28, 23.65it/s] 33%|███▎      | 328/1000 [00:14<00:28, 23.82it/s] 33%|███▎      | 331/1000 [00:14<00:28, 23.70it/s] 33%|███▎      | 334/1000 [00:14<00:28, 23.47it/s] 34%|███▎      | 337/1000 [00:14<00:28, 23.57it/s] 34%|███▍      | 340/1000 [00:14<00:28, 23.35it/s] 34%|███▍      | 343/1000 [00:15<00:27, 23.54it/s] 35%|███▍      | 346/1000 [00:15<00:27, 23.76it/s] 35%|███▍      | 349/1000 [00:15<00:27, 23.59it/s] 35%|███▌      | 352/1000 [00:15<00:27, 23.30it/s] 36%|███▌      | 355/1000 [00:15<00:28, 23.03it/s] 36%|███▌      | 358/1000 [00:15<00:27, 23.50it/s] 36%|███▌      | 361/1000 [00:15<00:26, 23.75it/s] 36%|███▋      | 364/1000 [00:15<00:26, 23.77it/s] 37%|███▋      | 367/1000 [00:16<00:26, 23.56it/s] 37%|███▋      | 370/1000 [00:16<00:27, 23.26it/s] 37%|███▋      | 373/1000 [00:16<00:27, 23.06it/s] 38%|███▊      | 376/1000 [00:16<00:27, 23.05it/s] 38%|███▊      | 379/1000 [00:16<00:26, 23.14it/s] 38%|███▊      | 382/1000 [00:16<00:26, 23.15it/s] 38%|███▊      | 385/1000 [00:16<00:26, 23.46it/s] 39%|███▉      | 388/1000 [00:16<00:26, 23.42it/s] 39%|███▉      | 391/1000 [00:17<00:25, 23.63it/s] 39%|███▉      | 394/1000 [00:17<00:25, 23.72it/s] 40%|███▉      | 397/1000 [00:17<00:25, 23.57it/s] 40%|████      | 400/1000 [00:17<00:25, 23.37it/s] 40%|████      | 403/1000 [00:17<00:25, 23.54it/s] 41%|████      | 406/1000 [00:17<00:25, 23.43it/s] 41%|████      | 409/1000 [00:17<00:25, 23.54it/s] 41%|████      | 412/1000 [00:17<00:25, 23.45it/s] 42%|████▏     | 415/1000 [00:18<00:25, 23.36it/s] 42%|████▏     | 418/1000 [00:18<00:25, 22.97it/s] 42%|████▏     | 421/1000 [00:18<00:25, 22.60it/s] 42%|████▏     | 424/1000 [00:18<00:24, 23.10it/s] 43%|████▎     | 427/1000 [00:18<00:25, 22.81it/s] 43%|████▎     | 430/1000 [00:18<00:24, 22.96it/s] 43%|████▎     | 433/1000 [00:18<00:24, 23.11it/s] 44%|████▎     | 436/1000 [00:19<00:24, 23.42it/s] 44%|████▍     | 439/1000 [00:19<00:24, 23.32it/s] 44%|████▍     | 442/1000 [00:19<00:24, 23.17it/s] 44%|████▍     | 445/1000 [00:19<00:23, 23.38it/s] 45%|████▍     | 448/1000 [00:19<00:23, 23.36it/s] 45%|████▌     | 451/1000 [00:19<00:23, 23.08it/s] 45%|████▌     | 454/1000 [00:19<00:23, 23.11it/s] 46%|████▌     | 457/1000 [00:19<00:23, 23.48it/s] 46%|████▌     | 460/1000 [00:20<00:23, 23.47it/s] 46%|████▋     | 463/1000 [00:20<00:22, 23.43it/s] 47%|████▋     | 466/1000 [00:20<00:22, 23.53it/s] 47%|████▋     | 469/1000 [00:20<00:22, 23.38it/s] 47%|████▋     | 472/1000 [00:20<00:22, 23.76it/s] 48%|████▊     | 475/1000 [00:20<00:21, 23.89it/s] 48%|████▊     | 478/1000 [00:20<00:21, 23.90it/s] 48%|████▊     | 481/1000 [00:20<00:21, 24.24it/s] 48%|████▊     | 484/1000 [00:21<00:21, 23.71it/s] 49%|████▊     | 487/1000 [00:21<00:22, 23.26it/s] 49%|████▉     | 490/1000 [00:21<00:21, 23.52it/s] 49%|████▉     | 493/1000 [00:21<00:21, 23.70it/s] 50%|████▉     | 496/1000 [00:21<00:21, 23.64it/s] 50%|████▉     | 499/1000 [00:21<00:21, 23.53it/s] 50%|█████     | 502/1000 [00:21<00:21, 23.54it/s] 50%|█████     | 505/1000 [00:21<00:20, 23.58it/s] 51%|█████     | 508/1000 [00:22<00:21, 23.38it/s] 51%|█████     | 511/1000 [00:22<00:20, 23.50it/s] 51%|█████▏    | 514/1000 [00:22<00:20, 23.48it/s] 52%|█████▏    | 517/1000 [00:22<00:20, 23.84it/s] 52%|█████▏    | 520/1000 [00:22<00:20, 23.68it/s] 52%|█████▏    | 523/1000 [00:22<00:20, 23.74it/s] 53%|█████▎    | 526/1000 [00:22<00:20, 23.52it/s] 53%|█████▎    | 529/1000 [00:22<00:19, 23.61it/s] 53%|█████▎    | 532/1000 [00:23<00:19, 23.82it/s] 54%|█████▎    | 535/1000 [00:23<00:19, 23.72it/s] 54%|█████▍    | 538/1000 [00:23<00:19, 23.87it/s] 54%|█████▍    | 541/1000 [00:23<00:19, 23.93it/s] 54%|█████▍    | 544/1000 [00:23<00:19, 23.57it/s] 55%|█████▍    | 547/1000 [00:23<00:19, 23.53it/s] 55%|█████▌    | 550/1000 [00:23<00:19, 23.35it/s] 55%|█████▌    | 553/1000 [00:24<00:19, 23.53it/s] 56%|█████▌    | 556/1000 [00:24<00:18, 23.45it/s] 56%|█████▌    | 559/1000 [00:24<00:18, 23.42it/s] 56%|█████▌    | 562/1000 [00:24<00:18, 23.08it/s] 56%|█████▋    | 565/1000 [00:24<00:19, 22.74it/s] 57%|█████▋    | 568/1000 [00:24<00:18, 23.11it/s] 57%|█████▋    | 571/1000 [00:24<00:18, 23.27it/s] 57%|█████▋    | 574/1000 [00:24<00:18, 23.65it/s] 58%|█████▊    | 577/1000 [00:25<00:17, 23.77it/s] 58%|█████▊    | 580/1000 [00:25<00:17, 23.94it/s] 58%|█████▊    | 583/1000 [00:25<00:17, 23.81it/s] 59%|█████▊    | 586/1000 [00:25<00:17, 23.66it/s] 59%|█████▉    | 589/1000 [00:25<00:17, 23.59it/s] 59%|█████▉    | 592/1000 [00:25<00:17, 23.44it/s] 60%|█████▉    | 595/1000 [00:25<00:17, 23.43it/s] 60%|█████▉    | 598/1000 [00:25<00:17, 23.25it/s] 60%|██████    | 601/1000 [00:26<00:17, 23.30it/s] 60%|██████    | 604/1000 [00:26<00:16, 23.37it/s] 61%|██████    | 607/1000 [00:26<00:17, 23.12it/s] 61%|██████    | 610/1000 [00:26<00:16, 22.98it/s] 61%|██████▏   | 613/1000 [00:26<00:17, 22.60it/s] 62%|██████▏   | 616/1000 [00:26<00:16, 22.71it/s] 62%|██████▏   | 619/1000 [00:26<00:16, 22.69it/s] 62%|██████▏   | 622/1000 [00:26<00:16, 22.93it/s] 62%|██████▎   | 625/1000 [00:27<00:16, 22.82it/s] 63%|██████▎   | 628/1000 [00:27<00:16, 22.84it/s] 63%|██████▎   | 631/1000 [00:27<00:15, 23.11it/s] 63%|██████▎   | 634/1000 [00:27<00:16, 22.73it/s] 64%|██████▎   | 637/1000 [00:27<00:16, 22.51it/s] 64%|██████▍   | 640/1000 [00:27<00:16, 21.85it/s] 64%|██████▍   | 643/1000 [00:27<00:16, 22.22it/s] 65%|██████▍   | 646/1000 [00:28<00:15, 22.51it/s] 65%|██████▍   | 649/1000 [00:28<00:15, 22.81it/s] 65%|██████▌   | 652/1000 [00:28<00:15, 23.04it/s] 66%|██████▌   | 655/1000 [00:28<00:15, 22.98it/s] 66%|██████▌   | 658/1000 [00:28<00:14, 23.09it/s] 66%|██████▌   | 661/1000 [00:28<00:14, 23.15it/s] 66%|██████▋   | 664/1000 [00:28<00:14, 23.18it/s] 67%|██████▋   | 667/1000 [00:28<00:14, 23.09it/s] 67%|██████▋   | 670/1000 [00:29<00:14, 23.05it/s] 67%|██████▋   | 673/1000 [00:29<00:14, 22.95it/s] 68%|██████▊   | 676/1000 [00:29<00:14, 22.92it/s] 68%|██████▊   | 679/1000 [00:29<00:14, 22.89it/s] 68%|██████▊   | 682/1000 [00:29<00:13, 22.77it/s] 68%|██████▊   | 685/1000 [00:29<00:13, 22.81it/s] 69%|██████▉   | 688/1000 [00:29<00:13, 22.91it/s] 69%|██████▉   | 691/1000 [00:30<00:13, 22.77it/s] 69%|██████▉   | 694/1000 [00:30<00:13, 23.08it/s] 70%|██████▉   | 697/1000 [00:30<00:13, 22.88it/s] 70%|███████   | 700/1000 [00:30<00:13, 22.53it/s] 70%|███████   | 703/1000 [00:30<00:13, 22.52it/s] 71%|███████   | 706/1000 [00:30<00:12, 22.77it/s] 71%|███████   | 709/1000 [00:30<00:12, 23.05it/s] 71%|███████   | 712/1000 [00:30<00:12, 23.62it/s] 72%|███████▏  | 715/1000 [00:31<00:11, 23.85it/s] 72%|███████▏  | 718/1000 [00:31<00:11, 23.69it/s] 72%|███████▏  | 721/1000 [00:31<00:11, 23.45it/s] 72%|███████▏  | 724/1000 [00:31<00:11, 23.31it/s] 73%|███████▎  | 727/1000 [00:31<00:11, 23.27it/s] 73%|███████▎  | 730/1000 [00:31<00:11, 23.45it/s] 73%|███████▎  | 733/1000 [00:31<00:11, 23.70it/s] 74%|███████▎  | 736/1000 [00:31<00:11, 23.12it/s] 74%|███████▍  | 739/1000 [00:32<00:11, 22.91it/s] 74%|███████▍  | 742/1000 [00:32<00:11, 23.11it/s] 74%|███████▍  | 745/1000 [00:32<00:11, 22.83it/s] 75%|███████▍  | 748/1000 [00:32<00:10, 23.01it/s] 75%|███████▌  | 751/1000 [00:32<00:10, 23.14it/s] 75%|███████▌  | 754/1000 [00:32<00:10, 23.28it/s] 76%|███████▌  | 757/1000 [00:32<00:10, 23.43it/s] 76%|███████▌  | 760/1000 [00:32<00:10, 22.96it/s] 76%|███████▋  | 763/1000 [00:33<00:10, 22.62it/s] 77%|███████▋  | 766/1000 [00:33<00:10, 22.69it/s] 77%|███████▋  | 769/1000 [00:33<00:10, 22.93it/s] 77%|███████▋  | 772/1000 [00:33<00:09, 22.88it/s] 78%|███████▊  | 775/1000 [00:33<00:09, 22.92it/s] 78%|███████▊  | 778/1000 [00:33<00:09, 22.88it/s] 78%|███████▊  | 781/1000 [00:33<00:09, 22.95it/s] 78%|███████▊  | 784/1000 [00:34<00:09, 22.96it/s] 79%|███████▊  | 787/1000 [00:34<00:09, 23.04it/s] 79%|███████▉  | 790/1000 [00:34<00:09, 22.89it/s] 79%|███████▉  | 793/1000 [00:34<00:09, 22.92it/s] 80%|███████▉  | 796/1000 [00:34<00:08, 23.32it/s] 80%|███████▉  | 799/1000 [00:34<00:08, 23.18it/s] 80%|████████  | 802/1000 [00:34<00:08, 23.19it/s] 80%|████████  | 805/1000 [00:34<00:08, 23.24it/s] 81%|████████  | 808/1000 [00:35<00:08, 23.27it/s] 81%|████████  | 811/1000 [00:35<00:08, 23.36it/s] 81%|████████▏ | 814/1000 [00:35<00:07, 23.35it/s] 82%|████████▏ | 817/1000 [00:35<00:07, 23.07it/s] 82%|████████▏ | 820/1000 [00:35<00:07, 23.14it/s] 82%|████████▏ | 823/1000 [00:35<00:07, 23.04it/s] 83%|████████▎ | 826/1000 [00:35<00:07, 22.99it/s] 83%|████████▎ | 829/1000 [00:35<00:07, 23.22it/s] 83%|████████▎ | 832/1000 [00:36<00:07, 23.13it/s] 84%|████████▎ | 835/1000 [00:36<00:07, 23.10it/s] 84%|████████▍ | 838/1000 [00:36<00:07, 22.94it/s] 84%|████████▍ | 841/1000 [00:36<00:06, 22.99it/s] 84%|████████▍ | 844/1000 [00:36<00:06, 23.15it/s] 85%|████████▍ | 847/1000 [00:36<00:06, 23.20it/s] 85%|████████▌ | 850/1000 [00:36<00:06, 23.28it/s] 85%|████████▌ | 853/1000 [00:37<00:06, 23.26it/s] 86%|████████▌ | 856/1000 [00:37<00:06, 23.43it/s] 86%|████████▌ | 859/1000 [00:37<00:05, 23.72it/s] 86%|████████▌ | 862/1000 [00:37<00:05, 23.32it/s] 86%|████████▋ | 865/1000 [00:37<00:05, 22.76it/s] 87%|████████▋ | 868/1000 [00:37<00:05, 22.73it/s] 87%|████████▋ | 871/1000 [00:37<00:05, 22.42it/s] 87%|████████▋ | 874/1000 [00:37<00:05, 22.46it/s] 88%|████████▊ | 877/1000 [00:38<00:05, 22.92it/s] 88%|████████▊ | 880/1000 [00:38<00:05, 23.04it/s] 88%|████████▊ | 883/1000 [00:38<00:05, 22.96it/s] 89%|████████▊ | 886/1000 [00:38<00:05, 22.73it/s] 89%|████████▉ | 889/1000 [00:38<00:04, 22.50it/s] 89%|████████▉ | 892/1000 [00:38<00:04, 22.64it/s] 90%|████████▉ | 895/1000 [00:38<00:04, 23.00it/s] 90%|████████▉ | 898/1000 [00:38<00:04, 23.39it/s] 90%|█████████ | 901/1000 [00:39<00:04, 23.53it/s] 90%|█████████ | 904/1000 [00:39<00:04, 23.49it/s] 91%|█████████ | 907/1000 [00:39<00:03, 23.60it/s] 91%|█████████ | 910/1000 [00:39<00:03, 23.12it/s] 91%|█████████▏| 913/1000 [00:39<00:03, 23.09it/s] 92%|█████████▏| 916/1000 [00:39<00:03, 23.23it/s] 92%|█████████▏| 919/1000 [00:39<00:03, 23.30it/s] 92%|█████████▏| 922/1000 [00:39<00:03, 23.51it/s] 92%|█████████▎| 925/1000 [00:40<00:03, 23.71it/s] 93%|█████████▎| 928/1000 [00:40<00:03, 23.20it/s] 93%|█████████▎| 931/1000 [00:40<00:03, 22.88it/s] 93%|█████████▎| 934/1000 [00:40<00:02, 22.84it/s] 94%|█████████▎| 937/1000 [00:40<00:02, 22.93it/s] 94%|█████████▍| 940/1000 [00:40<00:02, 22.83it/s] 94%|█████████▍| 943/1000 [00:40<00:02, 22.96it/s] 95%|█████████▍| 946/1000 [00:41<00:02, 23.00it/s] 95%|█████████▍| 949/1000 [00:41<00:02, 23.12it/s] 95%|█████████▌| 952/1000 [00:41<00:02, 23.20it/s] 96%|█████████▌| 955/1000 [00:41<00:01, 23.35it/s] 96%|█████████▌| 958/1000 [00:41<00:01, 23.20it/s] 96%|█████████▌| 961/1000 [00:41<00:01, 23.12it/s] 96%|█████████▋| 964/1000 [00:41<00:01, 23.10it/s] 97%|█████████▋| 967/1000 [00:41<00:01, 23.08it/s] 97%|█████████▋| 970/1000 [00:42<00:01, 23.12it/s] 97%|█████████▋| 973/1000 [00:42<00:01, 23.32it/s] 98%|█████████▊| 976/1000 [00:42<00:01, 23.41it/s] 98%|█████████▊| 979/1000 [00:42<00:00, 23.49it/s] 98%|█████████▊| 982/1000 [00:42<00:00, 23.33it/s] 98%|█████████▊| 985/1000 [00:42<00:00, 23.48it/s] 99%|█████████▉| 988/1000 [00:42<00:00, 23.44it/s] 99%|█████████▉| 991/1000 [00:42<00:00, 23.35it/s] 99%|█████████▉| 994/1000 [00:43<00:00, 23.32it/s]100%|█████████▉| 997/1000 [00:43<00:00, 23.26it/s]100%|██████████| 1000/1000 [00:43<00:00, 23.27it/s]100%|██████████| 1000/1000 [00:43<00:00, 23.04it/s]
FID:  165.4927840897805
----------------------------------------------
num_samples: 150
Creating feature extractor "inception-v3-compat" with features ['logits_unbiased', '2048']
Traceback (most recent call last):
  File "/home/wangzefang/miniconda3/envs/distill/lib/python3.8/site-packages/torch/cuda/__init__.py", line 306, in _lazy_init
    queued_call()
  File "/home/wangzefang/miniconda3/envs/distill/lib/python3.8/site-packages/torch/cuda/__init__.py", line 174, in _check_capability
    capability = get_device_capability(d)
  File "/home/wangzefang/miniconda3/envs/distill/lib/python3.8/site-packages/torch/cuda/__init__.py", line 430, in get_device_capability
    prop = get_device_properties(device)
  File "/home/wangzefang/miniconda3/envs/distill/lib/python3.8/site-packages/torch/cuda/__init__.py", line 448, in get_device_properties
    return _get_device_properties(device)  # type: ignore[name-defined]
RuntimeError: device >= 0 && device < num_gpus INTERNAL ASSERT FAILED at "/opt/conda/conda-bld/pytorch_1712608843393/work/aten/src/ATen/cuda/CUDAContext.cpp":50, please report a bug to PyTorch. device=, num_gpus=

The above exception was the direct cause of the following exception:

Traceback (most recent call last):
  File "/home/wangzefang/miniconda3/envs/distill/bin/fidelity", line 8, in <module>
    sys.exit(main())
  File "/home/wangzefang/miniconda3/envs/distill/lib/python3.8/site-packages/torch_fidelity/fidelity.py", line 157, in main
    metrics = calculate_metrics(**vars(args))
  File "/home/wangzefang/miniconda3/envs/distill/lib/python3.8/site-packages/torch_fidelity/metrics.py", line 227, in calculate_metrics
    feat_extractor = create_feature_extractor(feature_extractor, list(feature_layers), **kwargs)
  File "/home/wangzefang/miniconda3/envs/distill/lib/python3.8/site-packages/torch_fidelity/utils.py", line 60, in create_feature_extractor
    feat_extractor.cuda()
  File "/home/wangzefang/miniconda3/envs/distill/lib/python3.8/site-packages/torch/nn/modules/module.py", line 915, in cuda
    return self._apply(lambda t: t.cuda(device))
  File "/home/wangzefang/miniconda3/envs/distill/lib/python3.8/site-packages/torch/nn/modules/module.py", line 779, in _apply
    module._apply(fn)
  File "/home/wangzefang/miniconda3/envs/distill/lib/python3.8/site-packages/torch/nn/modules/module.py", line 779, in _apply
    module._apply(fn)
  File "/home/wangzefang/miniconda3/envs/distill/lib/python3.8/site-packages/torch/nn/modules/module.py", line 804, in _apply
    param_applied = fn(param)
  File "/home/wangzefang/miniconda3/envs/distill/lib/python3.8/site-packages/torch/nn/modules/module.py", line 915, in <lambda>
    return self._apply(lambda t: t.cuda(device))
  File "/home/wangzefang/miniconda3/envs/distill/lib/python3.8/site-packages/torch/cuda/__init__.py", line 312, in _lazy_init
    raise DeferredCudaCallError(msg) from e
torch.cuda.DeferredCudaCallError: CUDA call failed lazily at initialization with error: device >= 0 && device < num_gpus INTERNAL ASSERT FAILED at "/opt/conda/conda-bld/pytorch_1712608843393/work/aten/src/ATen/cuda/CUDAContext.cpp":50, please report a bug to PyTorch. device=, num_gpus=

CUDA call was originally invoked at:

  File "/home/wangzefang/miniconda3/envs/distill/bin/fidelity", line 5, in <module>
    from torch_fidelity.fidelity import main
  File "<frozen importlib._bootstrap>", line 991, in _find_and_load
  File "<frozen importlib._bootstrap>", line 961, in _find_and_load_unlocked
  File "<frozen importlib._bootstrap>", line 219, in _call_with_frames_removed
  File "<frozen importlib._bootstrap>", line 991, in _find_and_load
  File "<frozen importlib._bootstrap>", line 975, in _find_and_load_unlocked
  File "<frozen importlib._bootstrap>", line 671, in _load_unlocked
  File "<frozen importlib._bootstrap_external>", line 843, in exec_module
  File "<frozen importlib._bootstrap>", line 219, in _call_with_frames_removed
  File "/home/wangzefang/miniconda3/envs/distill/lib/python3.8/site-packages/torch_fidelity/__init__.py", line 1, in <module>
    from torch_fidelity.feature_extractor_base import FeatureExtractorBase
  File "<frozen importlib._bootstrap>", line 991, in _find_and_load
  File "<frozen importlib._bootstrap>", line 975, in _find_and_load_unlocked
  File "<frozen importlib._bootstrap>", line 671, in _load_unlocked
  File "<frozen importlib._bootstrap_external>", line 843, in exec_module
  File "<frozen importlib._bootstrap>", line 219, in _call_with_frames_removed
  File "/home/wangzefang/miniconda3/envs/distill/lib/python3.8/site-packages/torch_fidelity/feature_extractor_base.py", line 1, in <module>
    import torch.nn as nn
  File "<frozen importlib._bootstrap>", line 991, in _find_and_load
  File "<frozen importlib._bootstrap>", line 961, in _find_and_load_unlocked
  File "<frozen importlib._bootstrap>", line 219, in _call_with_frames_removed
  File "<frozen importlib._bootstrap>", line 991, in _find_and_load
  File "<frozen importlib._bootstrap>", line 975, in _find_and_load_unlocked
  File "<frozen importlib._bootstrap>", line 671, in _load_unlocked
  File "<frozen importlib._bootstrap_external>", line 843, in exec_module
  File "<frozen importlib._bootstrap>", line 219, in _call_with_frames_removed
  File "/home/wangzefang/miniconda3/envs/distill/lib/python3.8/site-packages/torch/__init__.py", line 1478, in <module>
    _C._initExtension(manager_path())
  File "<frozen importlib._bootstrap>", line 991, in _find_and_load
  File "<frozen importlib._bootstrap>", line 975, in _find_and_load_unlocked
  File "<frozen importlib._bootstrap>", line 671, in _load_unlocked
  File "<frozen importlib._bootstrap_external>", line 843, in exec_module
  File "<frozen importlib._bootstrap>", line 219, in _call_with_frames_removed
  File "/home/wangzefang/miniconda3/envs/distill/lib/python3.8/site-packages/torch/cuda/__init__.py", line 238, in <module>
    _lazy_call(_check_capability)
  File "/home/wangzefang/miniconda3/envs/distill/lib/python3.8/site-packages/torch/cuda/__init__.py", line 235, in _lazy_call
    _queued_calls.append((callable, traceback.format_stack()))

----- pytorch_fid -----
  0%|          | 0/1000 [00:00<?, ?it/s]  0%|          | 1/1000 [00:00<11:20,  1.47it/s]  0%|          | 4/1000 [00:00<02:44,  6.06it/s]  1%|          | 7/1000 [00:00<01:38, 10.13it/s]  1%|          | 10/1000 [00:01<01:13, 13.53it/s]  1%|▏         | 13/1000 [00:01<01:00, 16.39it/s]  2%|▏         | 16/1000 [00:01<00:52, 18.71it/s]  2%|▏         | 19/1000 [00:01<00:48, 20.27it/s]  2%|▏         | 22/1000 [00:01<00:46, 21.24it/s]  2%|▎         | 25/1000 [00:01<00:44, 21.96it/s]  3%|▎         | 28/1000 [00:01<00:42, 22.66it/s]  3%|▎         | 31/1000 [00:01<00:42, 22.94it/s]  3%|▎         | 34/1000 [00:02<00:41, 23.19it/s]  4%|▎         | 37/1000 [00:02<00:41, 23.10it/s]  4%|▍         | 40/1000 [00:02<00:40, 23.56it/s]  4%|▍         | 43/1000 [00:02<00:39, 24.17it/s]  5%|▍         | 46/1000 [00:02<00:38, 24.54it/s]  5%|▍         | 49/1000 [00:02<00:38, 24.72it/s]  5%|▌         | 52/1000 [00:02<00:37, 25.24it/s]  6%|▌         | 55/1000 [00:02<00:36, 25.54it/s]  6%|▌         | 58/1000 [00:03<00:36, 25.48it/s]  6%|▌         | 61/1000 [00:03<00:37, 25.14it/s]  6%|▋         | 64/1000 [00:03<00:37, 24.68it/s]  7%|▋         | 67/1000 [00:03<00:38, 24.38it/s]  7%|▋         | 70/1000 [00:03<00:38, 24.03it/s]  7%|▋         | 73/1000 [00:03<00:38, 23.99it/s]  8%|▊         | 76/1000 [00:03<00:38, 24.18it/s]  8%|▊         | 79/1000 [00:03<00:37, 24.33it/s]  8%|▊         | 82/1000 [00:04<00:37, 24.37it/s]  8%|▊         | 85/1000 [00:04<00:37, 24.36it/s]  9%|▉         | 88/1000 [00:04<00:37, 24.07it/s]  9%|▉         | 91/1000 [00:04<00:37, 23.93it/s]  9%|▉         | 94/1000 [00:04<00:38, 23.70it/s] 10%|▉         | 97/1000 [00:04<00:37, 23.78it/s] 10%|█         | 100/1000 [00:04<00:37, 23.94it/s] 10%|█         | 103/1000 [00:04<00:37, 24.09it/s] 11%|█         | 106/1000 [00:05<00:36, 24.20it/s] 11%|█         | 109/1000 [00:05<00:36, 24.14it/s] 11%|█         | 112/1000 [00:05<00:36, 24.07it/s] 12%|█▏        | 115/1000 [00:05<00:36, 23.93it/s] 12%|█▏        | 118/1000 [00:05<00:36, 24.08it/s] 12%|█▏        | 121/1000 [00:05<00:36, 23.98it/s] 12%|█▏        | 124/1000 [00:05<00:36, 24.02it/s] 13%|█▎        | 127/1000 [00:05<00:36, 24.03it/s] 13%|█▎        | 130/1000 [00:06<00:36, 23.89it/s] 13%|█▎        | 133/1000 [00:06<00:36, 23.51it/s] 14%|█▎        | 136/1000 [00:06<00:36, 23.36it/s] 14%|█▍        | 139/1000 [00:06<00:36, 23.47it/s] 14%|█▍        | 142/1000 [00:06<00:36, 23.45it/s] 14%|█▍        | 145/1000 [00:06<00:36, 23.49it/s] 15%|█▍        | 148/1000 [00:06<00:36, 23.60it/s] 15%|█▌        | 151/1000 [00:06<00:35, 23.70it/s] 15%|█▌        | 154/1000 [00:07<00:35, 23.84it/s] 16%|█▌        | 157/1000 [00:07<00:35, 23.72it/s] 16%|█▌        | 160/1000 [00:07<00:35, 23.69it/s] 16%|█▋        | 163/1000 [00:07<00:35, 23.84it/s] 17%|█▋        | 166/1000 [00:07<00:34, 24.03it/s] 17%|█▋        | 169/1000 [00:07<00:34, 24.23it/s] 17%|█▋        | 172/1000 [00:07<00:33, 24.53it/s] 18%|█▊        | 175/1000 [00:07<00:34, 24.26it/s] 18%|█▊        | 178/1000 [00:08<00:34, 24.11it/s] 18%|█▊        | 181/1000 [00:08<00:33, 24.17it/s] 18%|█▊        | 184/1000 [00:08<00:33, 24.11it/s] 19%|█▊        | 187/1000 [00:08<00:33, 24.27it/s] 19%|█▉        | 190/1000 [00:08<00:33, 24.22it/s] 19%|█▉        | 193/1000 [00:08<00:33, 24.35it/s] 20%|█▉        | 196/1000 [00:08<00:33, 24.21it/s] 20%|█▉        | 199/1000 [00:08<00:34, 23.54it/s] 20%|██        | 202/1000 [00:09<00:34, 22.90it/s] 20%|██        | 205/1000 [00:09<00:34, 23.26it/s] 21%|██        | 208/1000 [00:09<00:33, 23.39it/s] 21%|██        | 211/1000 [00:09<00:33, 23.24it/s] 21%|██▏       | 214/1000 [00:09<00:34, 23.07it/s] 22%|██▏       | 217/1000 [00:09<00:33, 23.16it/s] 22%|██▏       | 220/1000 [00:09<00:33, 23.10it/s] 22%|██▏       | 223/1000 [00:09<00:33, 23.15it/s] 23%|██▎       | 226/1000 [00:10<00:32, 23.47it/s] 23%|██▎       | 229/1000 [00:10<00:32, 23.55it/s] 23%|██▎       | 232/1000 [00:10<00:32, 23.60it/s] 24%|██▎       | 235/1000 [00:10<00:31, 23.91it/s] 24%|██▍       | 238/1000 [00:10<00:31, 23.87it/s] 24%|██▍       | 241/1000 [00:10<00:31, 23.86it/s] 24%|██▍       | 244/1000 [00:10<00:31, 23.88it/s] 25%|██▍       | 247/1000 [00:10<00:31, 24.02it/s] 25%|██▌       | 250/1000 [00:11<00:30, 24.27it/s] 25%|██▌       | 253/1000 [00:11<00:30, 24.38it/s] 26%|██▌       | 256/1000 [00:11<00:31, 23.88it/s] 26%|██▌       | 259/1000 [00:11<00:31, 23.70it/s] 26%|██▌       | 262/1000 [00:11<00:31, 23.60it/s] 26%|██▋       | 265/1000 [00:11<00:31, 23.17it/s] 27%|██▋       | 268/1000 [00:11<00:31, 23.30it/s] 27%|██▋       | 271/1000 [00:11<00:31, 23.43it/s] 27%|██▋       | 274/1000 [00:12<00:31, 23.13it/s] 28%|██▊       | 277/1000 [00:12<00:31, 22.81it/s] 28%|██▊       | 280/1000 [00:12<00:31, 22.67it/s] 28%|██▊       | 283/1000 [00:12<00:31, 22.73it/s] 29%|██▊       | 286/1000 [00:12<00:31, 22.65it/s] 29%|██▉       | 289/1000 [00:12<00:30, 23.02it/s] 29%|██▉       | 292/1000 [00:12<00:30, 23.14it/s] 30%|██▉       | 295/1000 [00:13<00:30, 23.44it/s] 30%|██▉       | 298/1000 [00:13<00:29, 23.66it/s] 30%|███       | 301/1000 [00:13<00:29, 23.59it/s] 30%|███       | 304/1000 [00:13<00:29, 23.62it/s] 31%|███       | 307/1000 [00:13<00:29, 23.73it/s] 31%|███       | 310/1000 [00:13<00:28, 23.82it/s] 31%|███▏      | 313/1000 [00:13<00:28, 24.12it/s] 32%|███▏      | 316/1000 [00:13<00:28, 23.80it/s] 32%|███▏      | 319/1000 [00:14<00:29, 23.17it/s] 32%|███▏      | 322/1000 [00:14<00:29, 23.15it/s] 32%|███▎      | 325/1000 [00:14<00:29, 23.25it/s] 33%|███▎      | 328/1000 [00:14<00:29, 22.90it/s] 33%|███▎      | 331/1000 [00:14<00:29, 23.02it/s] 33%|███▎      | 334/1000 [00:14<00:28, 23.08it/s] 34%|███▎      | 337/1000 [00:14<00:28, 23.29it/s] 34%|███▍      | 340/1000 [00:14<00:28, 23.21it/s] 34%|███▍      | 343/1000 [00:15<00:28, 23.36it/s] 35%|███▍      | 346/1000 [00:15<00:28, 23.22it/s] 35%|███▍      | 349/1000 [00:15<00:27, 23.51it/s] 35%|███▌      | 352/1000 [00:15<00:27, 23.67it/s] 36%|███▌      | 355/1000 [00:15<00:26, 23.91it/s] 36%|███▌      | 358/1000 [00:15<00:27, 23.58it/s] 36%|███▌      | 361/1000 [00:15<00:26, 23.72it/s] 36%|███▋      | 364/1000 [00:15<00:26, 23.73it/s] 37%|███▋      | 367/1000 [00:16<00:26, 23.77it/s] 37%|███▋      | 370/1000 [00:16<00:26, 23.95it/s] 37%|███▋      | 373/1000 [00:16<00:26, 24.03it/s] 38%|███▊      | 376/1000 [00:16<00:26, 23.97it/s] 38%|███▊      | 379/1000 [00:16<00:26, 23.83it/s] 38%|███▊      | 382/1000 [00:16<00:25, 23.77it/s] 38%|███▊      | 385/1000 [00:16<00:25, 23.94it/s] 39%|███▉      | 388/1000 [00:16<00:25, 23.68it/s] 39%|███▉      | 391/1000 [00:17<00:25, 23.71it/s] 39%|███▉      | 394/1000 [00:17<00:26, 23.23it/s] 40%|███▉      | 397/1000 [00:17<00:26, 23.05it/s] 40%|████      | 400/1000 [00:17<00:25, 23.29it/s] 40%|████      | 403/1000 [00:17<00:25, 23.26it/s] 41%|████      | 406/1000 [00:17<00:25, 23.22it/s] 41%|████      | 409/1000 [00:17<00:25, 23.53it/s] 41%|████      | 412/1000 [00:17<00:25, 23.20it/s] 42%|████▏     | 415/1000 [00:18<00:25, 23.26it/s] 42%|████▏     | 418/1000 [00:18<00:24, 23.33it/s] 42%|████▏     | 421/1000 [00:18<00:24, 23.59it/s] 42%|████▏     | 424/1000 [00:18<00:24, 23.87it/s] 43%|████▎     | 427/1000 [00:18<00:23, 23.88it/s] 43%|████▎     | 430/1000 [00:18<00:24, 23.69it/s] 43%|████▎     | 433/1000 [00:18<00:24, 23.52it/s] 44%|████▎     | 436/1000 [00:18<00:23, 23.73it/s] 44%|████▍     | 439/1000 [00:19<00:23, 24.00it/s] 44%|████▍     | 442/1000 [00:19<00:23, 23.74it/s] 44%|████▍     | 445/1000 [00:19<00:23, 23.83it/s] 45%|████▍     | 448/1000 [00:19<00:23, 23.71it/s] 45%|████▌     | 451/1000 [00:19<00:23, 23.61it/s] 45%|████▌     | 454/1000 [00:19<00:23, 23.54it/s] 46%|████▌     | 457/1000 [00:19<00:23, 23.35it/s] 46%|████▌     | 460/1000 [00:20<00:23, 22.90it/s] 46%|████▋     | 463/1000 [00:20<00:22, 23.37it/s] 47%|████▋     | 466/1000 [00:20<00:22, 23.51it/s] 47%|████▋     | 469/1000 [00:20<00:22, 23.26it/s] 47%|████▋     | 472/1000 [00:20<00:22, 23.16it/s] 48%|████▊     | 475/1000 [00:20<00:22, 23.11it/s] 48%|████▊     | 478/1000 [00:20<00:22, 23.04it/s] 48%|████▊     | 481/1000 [00:20<00:22, 22.93it/s] 48%|████▊     | 484/1000 [00:21<00:22, 23.31it/s] 49%|████▊     | 487/1000 [00:21<00:21, 23.38it/s] 49%|████▉     | 490/1000 [00:21<00:21, 23.53it/s] 49%|████▉     | 493/1000 [00:21<00:21, 23.62it/s] 50%|████▉     | 496/1000 [00:21<00:21, 23.68it/s] 50%|████▉     | 499/1000 [00:21<00:21, 23.80it/s] 50%|█████     | 502/1000 [00:21<00:20, 23.93it/s] 50%|█████     | 505/1000 [00:21<00:20, 23.66it/s] 51%|█████     | 508/1000 [00:22<00:20, 23.58it/s] 51%|█████     | 511/1000 [00:22<00:20, 23.61it/s] 51%|█████▏    | 514/1000 [00:22<00:20, 23.45it/s] 52%|█████▏    | 517/1000 [00:22<00:20, 23.27it/s] 52%|█████▏    | 520/1000 [00:22<00:20, 23.29it/s] 52%|█████▏    | 523/1000 [00:22<00:20, 23.00it/s] 53%|█████▎    | 526/1000 [00:22<00:20, 23.22it/s] 53%|█████▎    | 529/1000 [00:22<00:20, 23.17it/s] 53%|█████▎    | 532/1000 [00:23<00:20, 23.23it/s] 54%|█████▎    | 535/1000 [00:23<00:20, 23.09it/s] 54%|█████▍    | 538/1000 [00:23<00:19, 23.22it/s] 54%|█████▍    | 541/1000 [00:23<00:19, 23.16it/s] 54%|█████▍    | 544/1000 [00:23<00:19, 23.22it/s] 55%|█████▍    | 547/1000 [00:23<00:19, 23.05it/s] 55%|█████▌    | 550/1000 [00:23<00:19, 23.29it/s] 55%|█████▌    | 553/1000 [00:24<00:19, 23.28it/s] 56%|█████▌    | 556/1000 [00:24<00:19, 23.13it/s] 56%|█████▌    | 559/1000 [00:24<00:19, 22.96it/s] 56%|█████▌    | 562/1000 [00:24<00:18, 23.13it/s] 56%|█████▋    | 565/1000 [00:24<00:18, 23.14it/s] 57%|█████▋    | 568/1000 [00:24<00:18, 23.05it/s] 57%|█████▋    | 571/1000 [00:24<00:18, 23.28it/s] 57%|█████▋    | 574/1000 [00:24<00:18, 23.21it/s] 58%|█████▊    | 577/1000 [00:25<00:18, 23.30it/s] 58%|█████▊    | 580/1000 [00:25<00:17, 23.43it/s] 58%|█████▊    | 583/1000 [00:25<00:17, 23.18it/s] 59%|█████▊    | 586/1000 [00:25<00:17, 23.47it/s] 59%|█████▉    | 589/1000 [00:25<00:17, 23.05it/s] 59%|█████▉    | 592/1000 [00:25<00:17, 22.87it/s] 60%|█████▉    | 595/1000 [00:25<00:17, 22.55it/s] 60%|█████▉    | 598/1000 [00:25<00:17, 22.62it/s] 60%|██████    | 601/1000 [00:26<00:17, 22.85it/s] 60%|██████    | 604/1000 [00:26<00:17, 23.03it/s] 61%|██████    | 607/1000 [00:26<00:16, 23.26it/s] 61%|██████    | 610/1000 [00:26<00:16, 23.41it/s] 61%|██████▏   | 613/1000 [00:26<00:16, 23.35it/s] 62%|██████▏   | 616/1000 [00:26<00:16, 23.28it/s] 62%|██████▏   | 619/1000 [00:26<00:16, 23.19it/s] 62%|██████▏   | 622/1000 [00:26<00:16, 23.25it/s] 62%|██████▎   | 625/1000 [00:27<00:16, 23.25it/s] 63%|██████▎   | 628/1000 [00:27<00:15, 23.32it/s] 63%|██████▎   | 631/1000 [00:27<00:15, 23.43it/s] 63%|██████▎   | 634/1000 [00:27<00:15, 23.38it/s] 64%|██████▎   | 637/1000 [00:27<00:15, 23.54it/s] 64%|██████▍   | 640/1000 [00:27<00:15, 23.71it/s] 64%|██████▍   | 643/1000 [00:27<00:14, 23.87it/s] 65%|██████▍   | 646/1000 [00:27<00:14, 23.92it/s] 65%|██████▍   | 649/1000 [00:28<00:14, 23.67it/s] 65%|██████▌   | 652/1000 [00:28<00:14, 23.35it/s] 66%|██████▌   | 655/1000 [00:28<00:14, 23.49it/s] 66%|██████▌   | 658/1000 [00:28<00:14, 23.74it/s] 66%|██████▌   | 661/1000 [00:28<00:14, 23.40it/s] 66%|██████▋   | 664/1000 [00:28<00:14, 23.53it/s] 67%|██████▋   | 667/1000 [00:28<00:14, 23.56it/s] 67%|██████▋   | 670/1000 [00:29<00:14, 23.45it/s] 67%|██████▋   | 673/1000 [00:29<00:13, 23.75it/s] 68%|██████▊   | 676/1000 [00:29<00:13, 23.68it/s] 68%|██████▊   | 679/1000 [00:29<00:13, 24.01it/s] 68%|██████▊   | 682/1000 [00:29<00:13, 24.12it/s] 68%|██████▊   | 685/1000 [00:29<00:13, 24.02it/s] 69%|██████▉   | 688/1000 [00:29<00:13, 24.00it/s] 69%|██████▉   | 691/1000 [00:29<00:12, 24.08it/s] 69%|██████▉   | 694/1000 [00:30<00:12, 24.02it/s] 70%|██████▉   | 697/1000 [00:30<00:12, 24.10it/s] 70%|███████   | 700/1000 [00:30<00:12, 23.67it/s] 70%|███████   | 703/1000 [00:30<00:12, 23.54it/s] 71%|███████   | 706/1000 [00:30<00:12, 23.84it/s] 71%|███████   | 709/1000 [00:30<00:12, 23.47it/s] 71%|███████   | 712/1000 [00:30<00:12, 23.39it/s] 72%|███████▏  | 715/1000 [00:30<00:12, 23.38it/s] 72%|███████▏  | 718/1000 [00:31<00:12, 23.24it/s] 72%|███████▏  | 721/1000 [00:31<00:11, 23.39it/s] 72%|███████▏  | 724/1000 [00:31<00:11, 23.05it/s] 73%|███████▎  | 727/1000 [00:31<00:11, 23.14it/s] 73%|███████▎  | 730/1000 [00:31<00:11, 23.46it/s] 73%|███████▎  | 733/1000 [00:31<00:11, 23.61it/s] 74%|███████▎  | 736/1000 [00:31<00:10, 24.06it/s] 74%|███████▍  | 739/1000 [00:31<00:10, 24.30it/s] 74%|███████▍  | 742/1000 [00:32<00:10, 24.27it/s] 74%|███████▍  | 745/1000 [00:32<00:10, 24.35it/s] 75%|███████▍  | 748/1000 [00:32<00:10, 24.12it/s] 75%|███████▌  | 751/1000 [00:32<00:10, 24.19it/s] 75%|███████▌  | 754/1000 [00:32<00:10, 24.26it/s] 76%|███████▌  | 757/1000 [00:32<00:10, 24.20it/s] 76%|███████▌  | 760/1000 [00:32<00:09, 24.48it/s] 76%|███████▋  | 763/1000 [00:32<00:09, 24.34it/s] 77%|███████▋  | 766/1000 [00:33<00:09, 24.35it/s] 77%|███████▋  | 769/1000 [00:33<00:09, 24.51it/s] 77%|███████▋  | 772/1000 [00:33<00:09, 24.18it/s] 78%|███████▊  | 775/1000 [00:33<00:09, 24.23it/s] 78%|███████▊  | 778/1000 [00:33<00:09, 23.84it/s] 78%|███████▊  | 781/1000 [00:33<00:09, 23.83it/s] 78%|███████▊  | 784/1000 [00:33<00:09, 23.76it/s] 79%|███████▊  | 787/1000 [00:33<00:09, 23.42it/s] 79%|███████▉  | 790/1000 [00:34<00:08, 23.38it/s] 79%|███████▉  | 793/1000 [00:34<00:08, 23.34it/s] 80%|███████▉  | 796/1000 [00:34<00:08, 23.34it/s] 80%|███████▉  | 799/1000 [00:34<00:08, 23.25it/s] 80%|████████  | 802/1000 [00:34<00:08, 23.25it/s] 80%|████████  | 805/1000 [00:34<00:08, 23.42it/s] 81%|████████  | 808/1000 [00:34<00:08, 23.82it/s] 81%|████████  | 811/1000 [00:34<00:07, 23.71it/s] 81%|████████▏ | 814/1000 [00:35<00:07, 23.47it/s] 82%|████████▏ | 817/1000 [00:35<00:07, 23.82it/s] 82%|████████▏ | 820/1000 [00:35<00:07, 23.96it/s] 82%|████████▏ | 823/1000 [00:35<00:07, 24.05it/s] 83%|████████▎ | 826/1000 [00:35<00:07, 23.92it/s] 83%|████████▎ | 829/1000 [00:35<00:07, 23.71it/s] 83%|████████▎ | 832/1000 [00:35<00:07, 23.60it/s] 84%|████████▎ | 835/1000 [00:35<00:06, 23.67it/s] 84%|████████▍ | 838/1000 [00:36<00:06, 23.77it/s] 84%|████████▍ | 841/1000 [00:36<00:06, 23.49it/s] 84%|████████▍ | 844/1000 [00:36<00:06, 23.56it/s] 85%|████████▍ | 847/1000 [00:36<00:06, 23.54it/s] 85%|████████▌ | 850/1000 [00:36<00:06, 23.49it/s] 85%|████████▌ | 853/1000 [00:36<00:06, 23.27it/s] 86%|████████▌ | 856/1000 [00:36<00:06, 23.15it/s] 86%|████████▌ | 859/1000 [00:36<00:06, 23.29it/s] 86%|████████▌ | 862/1000 [00:37<00:05, 23.23it/s] 86%|████████▋ | 865/1000 [00:37<00:05, 23.25it/s] 87%|████████▋ | 868/1000 [00:37<00:05, 23.41it/s] 87%|████████▋ | 871/1000 [00:37<00:05, 23.39it/s] 87%|████████▋ | 874/1000 [00:37<00:05, 23.41it/s] 88%|████████▊ | 877/1000 [00:37<00:05, 23.59it/s] 88%|████████▊ | 880/1000 [00:37<00:05, 23.58it/s] 88%|████████▊ | 883/1000 [00:38<00:04, 23.68it/s] 89%|████████▊ | 886/1000 [00:38<00:04, 23.69it/s] 89%|████████▉ | 889/1000 [00:38<00:04, 23.58it/s] 89%|████████▉ | 892/1000 [00:38<00:04, 23.45it/s] 90%|████████▉ | 895/1000 [00:38<00:04, 23.59it/s] 90%|████████▉ | 898/1000 [00:38<00:04, 23.42it/s] 90%|█████████ | 901/1000 [00:38<00:04, 22.73it/s] 90%|█████████ | 904/1000 [00:38<00:04, 22.82it/s] 91%|█████████ | 907/1000 [00:39<00:04, 23.08it/s] 91%|█████████ | 910/1000 [00:39<00:03, 23.18it/s] 91%|█████████▏| 913/1000 [00:39<00:03, 22.69it/s] 92%|█████████▏| 916/1000 [00:39<00:03, 22.70it/s] 92%|█████████▏| 919/1000 [00:39<00:03, 22.64it/s] 92%|█████████▏| 922/1000 [00:39<00:03, 22.94it/s] 92%|█████████▎| 925/1000 [00:39<00:03, 23.08it/s] 93%|█████████▎| 928/1000 [00:39<00:03, 23.20it/s] 93%|█████████▎| 931/1000 [00:40<00:02, 23.40it/s] 93%|█████████▎| 934/1000 [00:40<00:02, 23.24it/s] 94%|█████████▎| 937/1000 [00:40<00:02, 23.29it/s] 94%|█████████▍| 940/1000 [00:40<00:02, 23.35it/s] 94%|█████████▍| 943/1000 [00:40<00:02, 23.30it/s] 95%|█████████▍| 946/1000 [00:40<00:02, 23.31it/s] 95%|█████████▍| 949/1000 [00:40<00:02, 23.37it/s] 95%|█████████▌| 952/1000 [00:40<00:02, 22.72it/s] 96%|█████████▌| 955/1000 [00:41<00:01, 22.71it/s] 96%|█████████▌| 958/1000 [00:41<00:01, 22.89it/s] 96%|█████████▌| 961/1000 [00:41<00:01, 22.79it/s] 96%|█████████▋| 964/1000 [00:41<00:01, 22.19it/s] 97%|█████████▋| 967/1000 [00:41<00:01, 22.43it/s] 97%|█████████▋| 970/1000 [00:41<00:01, 22.70it/s] 97%|█████████▋| 973/1000 [00:41<00:01, 22.72it/s] 98%|█████████▊| 976/1000 [00:42<00:01, 22.68it/s] 98%|█████████▊| 979/1000 [00:42<00:00, 22.89it/s] 98%|█████████▊| 982/1000 [00:42<00:00, 23.11it/s] 98%|█████████▊| 985/1000 [00:42<00:00, 23.46it/s] 99%|█████████▉| 988/1000 [00:42<00:00, 23.81it/s] 99%|█████████▉| 991/1000 [00:42<00:00, 24.10it/s] 99%|█████████▉| 994/1000 [00:42<00:00, 24.27it/s]100%|█████████▉| 997/1000 [00:42<00:00, 24.45it/s]100%|██████████| 1000/1000 [00:43<00:00, 24.70it/s]100%|██████████| 1000/1000 [00:43<00:00, 23.21it/s]
FID:  158.9638830809744
----------------------------------------------
num_samples: 200
Creating feature extractor "inception-v3-compat" with features ['2048', 'logits_unbiased']
Traceback (most recent call last):
  File "/home/wangzefang/miniconda3/envs/distill/lib/python3.8/site-packages/torch/cuda/__init__.py", line 306, in _lazy_init
    queued_call()
  File "/home/wangzefang/miniconda3/envs/distill/lib/python3.8/site-packages/torch/cuda/__init__.py", line 174, in _check_capability
    capability = get_device_capability(d)
  File "/home/wangzefang/miniconda3/envs/distill/lib/python3.8/site-packages/torch/cuda/__init__.py", line 430, in get_device_capability
    prop = get_device_properties(device)
  File "/home/wangzefang/miniconda3/envs/distill/lib/python3.8/site-packages/torch/cuda/__init__.py", line 448, in get_device_properties
    return _get_device_properties(device)  # type: ignore[name-defined]
RuntimeError: device >= 0 && device < num_gpus INTERNAL ASSERT FAILED at "/opt/conda/conda-bld/pytorch_1712608843393/work/aten/src/ATen/cuda/CUDAContext.cpp":50, please report a bug to PyTorch. device=, num_gpus=

The above exception was the direct cause of the following exception:

Traceback (most recent call last):
  File "/home/wangzefang/miniconda3/envs/distill/bin/fidelity", line 8, in <module>
    sys.exit(main())
  File "/home/wangzefang/miniconda3/envs/distill/lib/python3.8/site-packages/torch_fidelity/fidelity.py", line 157, in main
    metrics = calculate_metrics(**vars(args))
  File "/home/wangzefang/miniconda3/envs/distill/lib/python3.8/site-packages/torch_fidelity/metrics.py", line 227, in calculate_metrics
    feat_extractor = create_feature_extractor(feature_extractor, list(feature_layers), **kwargs)
  File "/home/wangzefang/miniconda3/envs/distill/lib/python3.8/site-packages/torch_fidelity/utils.py", line 60, in create_feature_extractor
    feat_extractor.cuda()
  File "/home/wangzefang/miniconda3/envs/distill/lib/python3.8/site-packages/torch/nn/modules/module.py", line 915, in cuda
    return self._apply(lambda t: t.cuda(device))
  File "/home/wangzefang/miniconda3/envs/distill/lib/python3.8/site-packages/torch/nn/modules/module.py", line 779, in _apply
    module._apply(fn)
  File "/home/wangzefang/miniconda3/envs/distill/lib/python3.8/site-packages/torch/nn/modules/module.py", line 779, in _apply
    module._apply(fn)
  File "/home/wangzefang/miniconda3/envs/distill/lib/python3.8/site-packages/torch/nn/modules/module.py", line 804, in _apply
    param_applied = fn(param)
  File "/home/wangzefang/miniconda3/envs/distill/lib/python3.8/site-packages/torch/nn/modules/module.py", line 915, in <lambda>
    return self._apply(lambda t: t.cuda(device))
  File "/home/wangzefang/miniconda3/envs/distill/lib/python3.8/site-packages/torch/cuda/__init__.py", line 312, in _lazy_init
    raise DeferredCudaCallError(msg) from e
torch.cuda.DeferredCudaCallError: CUDA call failed lazily at initialization with error: device >= 0 && device < num_gpus INTERNAL ASSERT FAILED at "/opt/conda/conda-bld/pytorch_1712608843393/work/aten/src/ATen/cuda/CUDAContext.cpp":50, please report a bug to PyTorch. device=, num_gpus=

CUDA call was originally invoked at:

  File "/home/wangzefang/miniconda3/envs/distill/bin/fidelity", line 5, in <module>
    from torch_fidelity.fidelity import main
  File "<frozen importlib._bootstrap>", line 991, in _find_and_load
  File "<frozen importlib._bootstrap>", line 961, in _find_and_load_unlocked
  File "<frozen importlib._bootstrap>", line 219, in _call_with_frames_removed
  File "<frozen importlib._bootstrap>", line 991, in _find_and_load
  File "<frozen importlib._bootstrap>", line 975, in _find_and_load_unlocked
  File "<frozen importlib._bootstrap>", line 671, in _load_unlocked
  File "<frozen importlib._bootstrap_external>", line 843, in exec_module
  File "<frozen importlib._bootstrap>", line 219, in _call_with_frames_removed
  File "/home/wangzefang/miniconda3/envs/distill/lib/python3.8/site-packages/torch_fidelity/__init__.py", line 1, in <module>
    from torch_fidelity.feature_extractor_base import FeatureExtractorBase
  File "<frozen importlib._bootstrap>", line 991, in _find_and_load
  File "<frozen importlib._bootstrap>", line 975, in _find_and_load_unlocked
  File "<frozen importlib._bootstrap>", line 671, in _load_unlocked
  File "<frozen importlib._bootstrap_external>", line 843, in exec_module
  File "<frozen importlib._bootstrap>", line 219, in _call_with_frames_removed
  File "/home/wangzefang/miniconda3/envs/distill/lib/python3.8/site-packages/torch_fidelity/feature_extractor_base.py", line 1, in <module>
    import torch.nn as nn
  File "<frozen importlib._bootstrap>", line 991, in _find_and_load
  File "<frozen importlib._bootstrap>", line 961, in _find_and_load_unlocked
  File "<frozen importlib._bootstrap>", line 219, in _call_with_frames_removed
  File "<frozen importlib._bootstrap>", line 991, in _find_and_load
  File "<frozen importlib._bootstrap>", line 975, in _find_and_load_unlocked
  File "<frozen importlib._bootstrap>", line 671, in _load_unlocked
  File "<frozen importlib._bootstrap_external>", line 843, in exec_module
  File "<frozen importlib._bootstrap>", line 219, in _call_with_frames_removed
  File "/home/wangzefang/miniconda3/envs/distill/lib/python3.8/site-packages/torch/__init__.py", line 1478, in <module>
    _C._initExtension(manager_path())
  File "<frozen importlib._bootstrap>", line 991, in _find_and_load
  File "<frozen importlib._bootstrap>", line 975, in _find_and_load_unlocked
  File "<frozen importlib._bootstrap>", line 671, in _load_unlocked
  File "<frozen importlib._bootstrap_external>", line 843, in exec_module
  File "<frozen importlib._bootstrap>", line 219, in _call_with_frames_removed
  File "/home/wangzefang/miniconda3/envs/distill/lib/python3.8/site-packages/torch/cuda/__init__.py", line 238, in <module>
    _lazy_call(_check_capability)
  File "/home/wangzefang/miniconda3/envs/distill/lib/python3.8/site-packages/torch/cuda/__init__.py", line 235, in _lazy_call
    _queued_calls.append((callable, traceback.format_stack()))

----- pytorch_fid -----
Traceback (most recent call last):
  File "/home/wangzefang/miniconda3/envs/distill/lib/python3.8/runpy.py", line 194, in _run_module_as_main
    return _run_code(code, main_globals, None,
  File "/home/wangzefang/miniconda3/envs/distill/lib/python3.8/runpy.py", line 87, in _run_code
    exec(code, run_globals)
  File "/home/wangzefang/miniconda3/envs/distill/lib/python3.8/site-packages/pytorch_fid/__main__.py", line 3, in <module>
    pytorch_fid.fid_score.main()
  File "/home/wangzefang/miniconda3/envs/distill/lib/python3.8/site-packages/pytorch_fid/fid_score.py", line 313, in main
    fid_value = calculate_fid_given_paths(args.path,
  File "/home/wangzefang/miniconda3/envs/distill/lib/python3.8/site-packages/pytorch_fid/fid_score.py", line 253, in calculate_fid_given_paths
    raise RuntimeError('Invalid path: %s' % p)
RuntimeError: Invalid path: /home/wangzefang/edgevar/EdgeVAR/VAR_FIDtest/output/FID_test/d24_0.2sparsity_200i_256eva_scale.pth/
----------------------------------------------
